#
# A fatal error has been detected by the Java Runtime Environment:
#
#  SIGSEGV (0xb) at pc=0x00000001048b9cdc, pid=20443, tid=0x0000000000000103
#
# JRE version: OpenJDK Runtime Environment (Zulu 8.68.0.21-CA-macos-aarch64) (8.0_362-b09) (build 1.8.0_362-b09)
# Java VM: OpenJDK 64-Bit Server VM (25.362-b09 mixed mode bsd-aarch64 compressed oops)
# Problematic frame:
# J 5818 C2 document.BasicDocument.<init>(Ljava/lang/String;)V (19 bytes) @ 0x00000001048b9cdc [0x00000001048b9cc0+0x1c]
#
# Failed to write core dump. Core dumps have been disabled. To enable core dumping, try "ulimit -c unlimited" before starting Java again
#
# If you would like to submit a bug report, please visit:
#   http://www.azul.com/support/
#

---------------  T H R E A D  ---------------

Current thread (0x0000000126181000):  JavaThread "JavaFX Application Thread" [_thread_in_Java, id=259, stack(0x000000016b9c4000,0x000000016d9c4000)]

siginfo: si_signo: 11 (SIGSEGV), si_code: 2 (SEGV_ACCERR), si_addr: 0x000000016d1c7fe0

Registers:
 x0=0x0000000798d4b998  x1=0x0000000798d4b998  x2=0x000000079898ba98  x3=0x0000000126181000
 x4=0x0000000126181000  x5=0x0000000798aac020  x6=0x00000000fee3c000  x7=0x000000079898ba98
 x8=0x0000000000000000  x9=0xfffffffffffb0000 x10=0x0000000798d4b998 x11=0x0000000798d4b9b0
x12=0x0000000798d4b980 x13=0x00000008000db048 x14=0x0000000000000000 x15=0x0006980000069900
x16=0x00000001a92ead54 x17=0x0000600002c41b90 x18=0x0000000000000000 x19=0x00000000000000b7
x20=0x000000016d9a0ae0 x21=0x00000001038bc110 x22=0x000000011098031c x23=0x0000000103f45e40
x24=0x000000016d9a0b58 x25=0x000000016d9bdd50 x26=0x00000001710a62e8 x27=0x0000000000000000
x28=0x0000000126181000  fp=0x000000016d9a0b40  lr=0x00000001048b9db4  sp=0x000000016d217fe0
pc=0x00000001048b9cdc cpsr=0x0000000080001000
Top of Stack: (sp=0x000000016d217fe0)
0x000000016d217fe0:   0000000798d4b968 0000000798d4b980
0x000000016d217ff0:   0000000798d4b998 0000000000000000
0x000000016d218000:   0000000000000000 0000000000000000
0x000000016d218010:   000000016d9a0b40 00000001048b9db4
0x000000016d218020:   0000000798d4b938 0000000798d4b950
0x000000016d218030:   0000000798d4b968 0000000000000000
0x000000016d218040:   0000000000000000 0000000000000000
0x000000016d218050:   000000016d9a0b40 00000001048b9db4
0x000000016d218060:   0000000798d4b908 0000000798d4b920
0x000000016d218070:   0000000798d4b938 0000000000000000
0x000000016d218080:   0000000000000000 0000000000000000
0x000000016d218090:   000000016d9a0b40 00000001048b9db4
0x000000016d2180a0:   0000000798d4b8d8 0000000798d4b8f0
0x000000016d2180b0:   0000000798d4b908 0000000000000000
0x000000016d2180c0:   0000000000000000 0000000000000000
0x000000016d2180d0:   000000016d9a0b40 00000001048b9db4
0x000000016d2180e0:   0000000798d4b8a8 0000000798d4b8c0
0x000000016d2180f0:   0000000798d4b8d8 0000000000000000
0x000000016d218100:   0000000000000000 0000000000000000
0x000000016d218110:   000000016d9a0b40 00000001048b9db4
0x000000016d218120:   0000000798d4b878 0000000798d4b890
0x000000016d218130:   0000000798d4b8a8 0000000000000000
0x000000016d218140:   0000000000000000 0000000000000000
0x000000016d218150:   000000016d9a0b40 00000001048b9db4
0x000000016d218160:   0000000798d4b848 0000000798d4b860
0x000000016d218170:   0000000798d4b878 0000000000000000
0x000000016d218180:   0000000000000000 0000000000000000
0x000000016d218190:   000000016d9a0b40 00000001048b9db4
0x000000016d2181a0:   0000000798d4b818 0000000798d4b830
0x000000016d2181b0:   0000000798d4b848 0000000000000000
0x000000016d2181c0:   0000000000000000 0000000000000000
0x000000016d2181d0:   000000016d9a0b40 00000001048b9db4 

Instructions: (pc=0x00000001048b9cdc)
0x00000001048b9cbc:   d503201f b9400828 6b08013f 54000040
0x00000001048b9ccc:   17dac75d d503201f 929fffe9 f2bfff69
0x00000001048b9cdc:   f8296bff d10103ff a9037bfd d349fc2a
0x00000001048b9cec:   f0fd2c0b 382a797f d343fc4c f9403380 

Register to memory mapping:

 x0=0x0000000798d4b998 is an oop
document.BasicDocument 
 - klass: 'document/BasicDocument'
 x1=0x0000000798d4b998 is an oop
document.BasicDocument 
 - klass: 'document/BasicDocument'
 x2=0x000000079898ba98 is an oop
java.lang.String 
 - klass: 'java/lang/String'
 x3=0x0000000126181000 is a thread
 x4=0x0000000126181000 is a thread
 x5=0x0000000798aac020 is an oop
document.BasicDocument 
 - klass: 'document/BasicDocument'
 x6=0x00000000fee3c000 is an unknown value
 x7=0x000000079898ba98 is an oop
java.lang.String 
 - klass: 'java/lang/String'
 x8=0x0000000000000000 is an unknown value
 x9=0xfffffffffffb0000 is an unknown value
x10=0x0000000798d4b998 is an oop
document.BasicDocument 
 - klass: 'document/BasicDocument'
x11=0x0000000798d4b9b0 is an oop

[error occurred during error reporting (printing register info), id 0xb]

Stack: [0x000000016b9c4000,0x000000016d9c4000],  sp=0x000000016d217fe0,  free space=24911k
Native frames: (J=compiled Java code, j=interpreted, Vv=VM code, C=native code)
J 5818 C2 document.BasicDocument.<init>(Ljava/lang/String;)V (19 bytes) @ 0x00000001048b9cdc [0x00000001048b9cc0+0x1c]
J 5818 C2 document.BasicDocument.<init>(Ljava/lang/String;)V (19 bytes) @ 0x00000001048b9db4 [0x00000001048b9cc0+0xf4]
J 5818 C2 document.BasicDocument.<init>(Ljava/lang/String;)V (19 bytes) @ 0x00000001048b9db4 [0x00000001048b9cc0+0xf4]
J 5818 C2 document.BasicDocument.<init>(Ljava/lang/String;)V (19 bytes) @ 0x00000001048b9db4 [0x00000001048b9cc0+0xf4]
J 5818 C2 document.BasicDocument.<init>(Ljava/lang/String;)V (19 bytes) @ 0x00000001048b9db4 [0x00000001048b9cc0+0xf4]
J 5818 C2 document.BasicDocument.<init>(Ljava/lang/String;)V (19 bytes) @ 0x00000001048b9db4 [0x00000001048b9cc0+0xf4]
J 5818 C2 document.BasicDocument.<init>(Ljava/lang/String;)V (19 bytes) @ 0x00000001048b9db4 [0x00000001048b9cc0+0xf4]
J 5818 C2 document.BasicDocument.<init>(Ljava/lang/String;)V (19 bytes) @ 0x00000001048b9db4 [0x00000001048b9cc0+0xf4]
J 5818 C2 document.BasicDocument.<init>(Ljava/lang/String;)V (19 bytes) @ 0x00000001048b9db4 [0x00000001048b9cc0+0xf4]
J 5818 C2 document.BasicDocument.<init>(Ljava/lang/String;)V (19 bytes) @ 0x00000001048b9db4 [0x00000001048b9cc0+0xf4]
J 5818 C2 document.BasicDocument.<init>(Ljava/lang/String;)V (19 bytes) @ 0x00000001048b9db4 [0x00000001048b9cc0+0xf4]
J 5818 C2 document.BasicDocument.<init>(Ljava/lang/String;)V (19 bytes) @ 0x00000001048b9db4 [0x00000001048b9cc0+0xf4]
J 5818 C2 document.BasicDocument.<init>(Ljava/lang/String;)V (19 bytes) @ 0x00000001048b9db4 [0x00000001048b9cc0+0xf4]
J 5818 C2 document.BasicDocument.<init>(Ljava/lang/String;)V (19 bytes) @ 0x00000001048b9db4 [0x00000001048b9cc0+0xf4]
J 5818 C2 document.BasicDocument.<init>(Ljava/lang/String;)V (19 bytes) @ 0x00000001048b9db4 [0x00000001048b9cc0+0xf4]
J 5818 C2 document.BasicDocument.<init>(Ljava/lang/String;)V (19 bytes) @ 0x00000001048b9db4 [0x00000001048b9cc0+0xf4]
J 5818 C2 document.BasicDocument.<init>(Ljava/lang/String;)V (19 bytes) @ 0x00000001048b9db4 [0x00000001048b9cc0+0xf4]
J 5818 C2 document.BasicDocument.<init>(Ljava/lang/String;)V (19 bytes) @ 0x00000001048b9db4 [0x00000001048b9cc0+0xf4]
J 5818 C2 document.BasicDocument.<init>(Ljava/lang/String;)V (19 bytes) @ 0x00000001048b9db4 [0x00000001048b9cc0+0xf4]
J 5818 C2 document.BasicDocument.<init>(Ljava/lang/String;)V (19 bytes) @ 0x00000001048b9db4 [0x00000001048b9cc0+0xf4]
J 5818 C2 document.BasicDocument.<init>(Ljava/lang/String;)V (19 bytes) @ 0x00000001048b9db4 [0x00000001048b9cc0+0xf4]
J 5818 C2 document.BasicDocument.<init>(Ljava/lang/String;)V (19 bytes) @ 0x00000001048b9db4 [0x00000001048b9cc0+0xf4]
J 5818 C2 document.BasicDocument.<init>(Ljava/lang/String;)V (19 bytes) @ 0x00000001048b9db4 [0x00000001048b9cc0+0xf4]
J 5818 C2 document.BasicDocument.<init>(Ljava/lang/String;)V (19 bytes) @ 0x00000001048b9db4 [0x00000001048b9cc0+0xf4]
J 5818 C2 document.BasicDocument.<init>(Ljava/lang/String;)V (19 bytes) @ 0x00000001048b9db4 [0x00000001048b9cc0+0xf4]
J 5818 C2 document.BasicDocument.<init>(Ljava/lang/String;)V (19 bytes) @ 0x00000001048b9db4 [0x00000001048b9cc0+0xf4]
J 5818 C2 document.BasicDocument.<init>(Ljava/lang/String;)V (19 bytes) @ 0x00000001048b9db4 [0x00000001048b9cc0+0xf4]
J 5818 C2 document.BasicDocument.<init>(Ljava/lang/String;)V (19 bytes) @ 0x00000001048b9db4 [0x00000001048b9cc0+0xf4]
J 5818 C2 document.BasicDocument.<init>(Ljava/lang/String;)V (19 bytes) @ 0x00000001048b9db4 [0x00000001048b9cc0+0xf4]
J 5818 C2 document.BasicDocument.<init>(Ljava/lang/String;)V (19 bytes) @ 0x00000001048b9db4 [0x00000001048b9cc0+0xf4]
J 5818 C2 document.BasicDocument.<init>(Ljava/lang/String;)V (19 bytes) @ 0x00000001048b9db4 [0x00000001048b9cc0+0xf4]
J 5818 C2 document.BasicDocument.<init>(Ljava/lang/String;)V (19 bytes) @ 0x00000001048b9db4 [0x00000001048b9cc0+0xf4]
J 5818 C2 document.BasicDocument.<init>(Ljava/lang/String;)V (19 bytes) @ 0x00000001048b9db4 [0x00000001048b9cc0+0xf4]
J 5818 C2 document.BasicDocument.<init>(Ljava/lang/String;)V (19 bytes) @ 0x00000001048b9db4 [0x00000001048b9cc0+0xf4]
J 5818 C2 document.BasicDocument.<init>(Ljava/lang/String;)V (19 bytes) @ 0x00000001048b9db4 [0x00000001048b9cc0+0xf4]
J 5818 C2 document.BasicDocument.<init>(Ljava/lang/String;)V (19 bytes) @ 0x00000001048b9db4 [0x00000001048b9cc0+0xf4]
J 5818 C2 document.BasicDocument.<init>(Ljava/lang/String;)V (19 bytes) @ 0x00000001048b9db4 [0x00000001048b9cc0+0xf4]
J 5818 C2 document.BasicDocument.<init>(Ljava/lang/String;)V (19 bytes) @ 0x00000001048b9db4 [0x00000001048b9cc0+0xf4]
J 5818 C2 document.BasicDocument.<init>(Ljava/lang/String;)V (19 bytes) @ 0x00000001048b9db4 [0x00000001048b9cc0+0xf4]
J 5818 C2 document.BasicDocument.<init>(Ljava/lang/String;)V (19 bytes) @ 0x00000001048b9db4 [0x00000001048b9cc0+0xf4]
J 5818 C2 document.BasicDocument.<init>(Ljava/lang/String;)V (19 bytes) @ 0x00000001048b9db4 [0x00000001048b9cc0+0xf4]
J 5818 C2 document.BasicDocument.<init>(Ljava/lang/String;)V (19 bytes) @ 0x00000001048b9db4 [0x00000001048b9cc0+0xf4]
J 5818 C2 document.BasicDocument.<init>(Ljava/lang/String;)V (19 bytes) @ 0x00000001048b9db4 [0x00000001048b9cc0+0xf4]
J 5818 C2 document.BasicDocument.<init>(Ljava/lang/String;)V (19 bytes) @ 0x00000001048b9db4 [0x00000001048b9cc0+0xf4]
J 5818 C2 document.BasicDocument.<init>(Ljava/lang/String;)V (19 bytes) @ 0x00000001048b9db4 [0x00000001048b9cc0+0xf4]
J 5818 C2 document.BasicDocument.<init>(Ljava/lang/String;)V (19 bytes) @ 0x00000001048b9db4 [0x00000001048b9cc0+0xf4]
J 5818 C2 document.BasicDocument.<init>(Ljava/lang/String;)V (19 bytes) @ 0x00000001048b9db4 [0x00000001048b9cc0+0xf4]
J 5818 C2 document.BasicDocument.<init>(Ljava/lang/String;)V (19 bytes) @ 0x00000001048b9db4 [0x00000001048b9cc0+0xf4]
J 5818 C2 document.BasicDocument.<init>(Ljava/lang/String;)V (19 bytes) @ 0x00000001048b9db4 [0x00000001048b9cc0+0xf4]
J 5818 C2 document.BasicDocument.<init>(Ljava/lang/String;)V (19 bytes) @ 0x00000001048b9db4 [0x00000001048b9cc0+0xf4]
J 5818 C2 document.BasicDocument.<init>(Ljava/lang/String;)V (19 bytes) @ 0x00000001048b9db4 [0x00000001048b9cc0+0xf4]
J 5818 C2 document.BasicDocument.<init>(Ljava/lang/String;)V (19 bytes) @ 0x00000001048b9db4 [0x00000001048b9cc0+0xf4]
J 5818 C2 document.BasicDocument.<init>(Ljava/lang/String;)V (19 bytes) @ 0x00000001048b9db4 [0x00000001048b9cc0+0xf4]
J 5818 C2 document.BasicDocument.<init>(Ljava/lang/String;)V (19 bytes) @ 0x00000001048b9db4 [0x00000001048b9cc0+0xf4]
J 5818 C2 document.BasicDocument.<init>(Ljava/lang/String;)V (19 bytes) @ 0x00000001048b9db4 [0x00000001048b9cc0+0xf4]
J 5818 C2 document.BasicDocument.<init>(Ljava/lang/String;)V (19 bytes) @ 0x00000001048b9db4 [0x00000001048b9cc0+0xf4]
J 5818 C2 document.BasicDocument.<init>(Ljava/lang/String;)V (19 bytes) @ 0x00000001048b9db4 [0x00000001048b9cc0+0xf4]
J 5818 C2 document.BasicDocument.<init>(Ljava/lang/String;)V (19 bytes) @ 0x00000001048b9db4 [0x00000001048b9cc0+0xf4]
J 5818 C2 document.BasicDocument.<init>(Ljava/lang/String;)V (19 bytes) @ 0x00000001048b9db4 [0x00000001048b9cc0+0xf4]
J 5818 C2 document.BasicDocument.<init>(Ljava/lang/String;)V (19 bytes) @ 0x00000001048b9db4 [0x00000001048b9cc0+0xf4]
J 5818 C2 document.BasicDocument.<init>(Ljava/lang/String;)V (19 bytes) @ 0x00000001048b9db4 [0x00000001048b9cc0+0xf4]
J 5818 C2 document.BasicDocument.<init>(Ljava/lang/String;)V (19 bytes) @ 0x00000001048b9db4 [0x00000001048b9cc0+0xf4]
J 5818 C2 document.BasicDocument.<init>(Ljava/lang/String;)V (19 bytes) @ 0x00000001048b9db4 [0x00000001048b9cc0+0xf4]
J 5818 C2 document.BasicDocument.<init>(Ljava/lang/String;)V (19 bytes) @ 0x00000001048b9db4 [0x00000001048b9cc0+0xf4]
J 5818 C2 document.BasicDocument.<init>(Ljava/lang/String;)V (19 bytes) @ 0x00000001048b9db4 [0x00000001048b9cc0+0xf4]
J 5818 C2 document.BasicDocument.<init>(Ljava/lang/String;)V (19 bytes) @ 0x00000001048b9db4 [0x00000001048b9cc0+0xf4]
J 5818 C2 document.BasicDocument.<init>(Ljava/lang/String;)V (19 bytes) @ 0x00000001048b9db4 [0x00000001048b9cc0+0xf4]
J 5818 C2 document.BasicDocument.<init>(Ljava/lang/String;)V (19 bytes) @ 0x00000001048b9db4 [0x00000001048b9cc0+0xf4]
J 5818 C2 document.BasicDocument.<init>(Ljava/lang/String;)V (19 bytes) @ 0x00000001048b9db4 [0x00000001048b9cc0+0xf4]
J 5818 C2 document.BasicDocument.<init>(Ljava/lang/String;)V (19 bytes) @ 0x00000001048b9db4 [0x00000001048b9cc0+0xf4]
J 5818 C2 document.BasicDocument.<init>(Ljava/lang/String;)V (19 bytes) @ 0x00000001048b9db4 [0x00000001048b9cc0+0xf4]
J 5818 C2 document.BasicDocument.<init>(Ljava/lang/String;)V (19 bytes) @ 0x00000001048b9db4 [0x00000001048b9cc0+0xf4]
J 5818 C2 document.BasicDocument.<init>(Ljava/lang/String;)V (19 bytes) @ 0x00000001048b9db4 [0x00000001048b9cc0+0xf4]
J 5818 C2 document.BasicDocument.<init>(Ljava/lang/String;)V (19 bytes) @ 0x00000001048b9db4 [0x00000001048b9cc0+0xf4]
J 5818 C2 document.BasicDocument.<init>(Ljava/lang/String;)V (19 bytes) @ 0x00000001048b9db4 [0x00000001048b9cc0+0xf4]
J 5818 C2 document.BasicDocument.<init>(Ljava/lang/String;)V (19 bytes) @ 0x00000001048b9db4 [0x00000001048b9cc0+0xf4]
J 5818 C2 document.BasicDocument.<init>(Ljava/lang/String;)V (19 bytes) @ 0x00000001048b9db4 [0x00000001048b9cc0+0xf4]
J 5818 C2 document.BasicDocument.<init>(Ljava/lang/String;)V (19 bytes) @ 0x00000001048b9db4 [0x00000001048b9cc0+0xf4]
J 5818 C2 document.BasicDocument.<init>(Ljava/lang/String;)V (19 bytes) @ 0x00000001048b9db4 [0x00000001048b9cc0+0xf4]
J 5818 C2 document.BasicDocument.<init>(Ljava/lang/String;)V (19 bytes) @ 0x00000001048b9db4 [0x00000001048b9cc0+0xf4]
J 5818 C2 document.BasicDocument.<init>(Ljava/lang/String;)V (19 bytes) @ 0x00000001048b9db4 [0x00000001048b9cc0+0xf4]
J 5818 C2 document.BasicDocument.<init>(Ljava/lang/String;)V (19 bytes) @ 0x00000001048b9db4 [0x00000001048b9cc0+0xf4]
J 5818 C2 document.BasicDocument.<init>(Ljava/lang/String;)V (19 bytes) @ 0x00000001048b9db4 [0x00000001048b9cc0+0xf4]
J 5818 C2 document.BasicDocument.<init>(Ljava/lang/String;)V (19 bytes) @ 0x00000001048b9db4 [0x00000001048b9cc0+0xf4]
J 5818 C2 document.BasicDocument.<init>(Ljava/lang/String;)V (19 bytes) @ 0x00000001048b9db4 [0x00000001048b9cc0+0xf4]
J 5818 C2 document.BasicDocument.<init>(Ljava/lang/String;)V (19 bytes) @ 0x00000001048b9db4 [0x00000001048b9cc0+0xf4]
J 5818 C2 document.BasicDocument.<init>(Ljava/lang/String;)V (19 bytes) @ 0x00000001048b9db4 [0x00000001048b9cc0+0xf4]
J 5818 C2 document.BasicDocument.<init>(Ljava/lang/String;)V (19 bytes) @ 0x00000001048b9db4 [0x00000001048b9cc0+0xf4]
J 5818 C2 document.BasicDocument.<init>(Ljava/lang/String;)V (19 bytes) @ 0x00000001048b9db4 [0x00000001048b9cc0+0xf4]
J 5818 C2 document.BasicDocument.<init>(Ljava/lang/String;)V (19 bytes) @ 0x00000001048b9db4 [0x00000001048b9cc0+0xf4]
J 5818 C2 document.BasicDocument.<init>(Ljava/lang/String;)V (19 bytes) @ 0x00000001048b9db4 [0x00000001048b9cc0+0xf4]
J 5818 C2 document.BasicDocument.<init>(Ljava/lang/String;)V (19 bytes) @ 0x00000001048b9db4 [0x00000001048b9cc0+0xf4]
J 5818 C2 document.BasicDocument.<init>(Ljava/lang/String;)V (19 bytes) @ 0x00000001048b9db4 [0x00000001048b9cc0+0xf4]
J 5818 C2 document.BasicDocument.<init>(Ljava/lang/String;)V (19 bytes) @ 0x00000001048b9db4 [0x00000001048b9cc0+0xf4]
J 5818 C2 document.BasicDocument.<init>(Ljava/lang/String;)V (19 bytes) @ 0x00000001048b9db4 [0x00000001048b9cc0+0xf4]
J 5818 C2 document.BasicDocument.<init>(Ljava/lang/String;)V (19 bytes) @ 0x00000001048b9db4 [0x00000001048b9cc0+0xf4]
J 5818 C2 document.BasicDocument.<init>(Ljava/lang/String;)V (19 bytes) @ 0x00000001048b9db4 [0x00000001048b9cc0+0xf4]
J 5818 C2 document.BasicDocument.<init>(Ljava/lang/String;)V (19 bytes) @ 0x00000001048b9db4 [0x00000001048b9cc0+0xf4]
J 5818 C2 document.BasicDocument.<init>(Ljava/lang/String;)V (19 bytes) @ 0x00000001048b9db4 [0x00000001048b9cc0+0xf4]
J 5818 C2 document.BasicDocument.<init>(Ljava/lang/String;)V (19 bytes) @ 0x00000001048b9db4 [0x00000001048b9cc0+0xf4]
...<more frames>...


---------------  P R O C E S S  ---------------

Java Threads: ( => current thread )
  0x0000000171d0a800 JavaThread "PulseTimer-CVDisplayLink thread" daemon [_thread_in_native, id=88391, stack(0x000000016f2e4000,0x000000016f367000)]
  0x00000001252b0000 JavaThread "Prism Font Disposer" daemon [_thread_blocked, id=82443, stack(0x0000000170e30000,0x0000000171033000)]
  0x000000012619f000 JavaThread "JavaFX-Launcher" [_thread_blocked, id=49687, stack(0x0000000170b98000,0x0000000170d9b000)]
=>0x0000000126181000 JavaThread "JavaFX Application Thread" [_thread_in_Java, id=259, stack(0x000000016b9c4000,0x000000016d9c4000)]
  0x00000001250e8000 JavaThread "Thread-1" daemon [_thread_blocked, id=26891, stack(0x0000000170668000,0x000000017086b000)]
  0x000000012418a000 JavaThread "QuantumRenderer-0" daemon [_thread_blocked, id=22531, stack(0x000000017045c000,0x000000017065f000)]
  0x0000000123855800 JavaThread "Service Thread" daemon [_thread_blocked, id=22019, stack(0x0000000170044000,0x0000000170247000)]
  0x000000012580e800 JavaThread "C1 CompilerThread3" daemon [_thread_blocked, id=18947, stack(0x000000016fe38000,0x000000017003b000)]
  0x0000000114008800 JavaThread "C2 CompilerThread2" daemon [_thread_blocked, id=18435, stack(0x000000016fc2c000,0x000000016fe2f000)]
  0x0000000125054800 JavaThread "C2 CompilerThread1" daemon [_thread_blocked, id=18179, stack(0x000000016fa20000,0x000000016fc23000)]
  0x0000000126041000 JavaThread "C2 CompilerThread0" daemon [_thread_blocked, id=17923, stack(0x000000016f814000,0x000000016fa17000)]
  0x0000000125053000 JavaThread "Monitor Ctrl-Break" daemon [_thread_in_native, id=19971, stack(0x000000016f608000,0x000000016f80b000)]
  0x0000000125040000 JavaThread "Signal Dispatcher" daemon [_thread_blocked, id=17411, stack(0x000000016f3fc000,0x000000016f5ff000)]
  0x000000012383f800 JavaThread "Finalizer" daemon [_thread_blocked, id=14083, stack(0x000000016f0d8000,0x000000016f2db000)]
  0x000000012502e800 JavaThread "Reference Handler" daemon [_thread_blocked, id=14339, stack(0x000000016eecc000,0x000000016f0cf000)]
  0x0000000123809000 JavaThread "main" [_thread_blocked, id=3843, stack(0x000000016da54000,0x000000016dc57000)]

Other Threads:
  0x000000012383d000 VMThread [stack: 0x000000016ecc0000,0x000000016eec3000] [id=14595]
  0x000000012505d000 WatcherThread [stack: 0x0000000170250000,0x0000000170453000] [id=22275]

VM state:not at safepoint (normal execution)

VM Mutex/Monitor currently owned by a thread: None

heap address: 0x0000000740000000, size: 2048 MB, Compressed Oops mode: Zero based, Oop shift amount: 3
Narrow klass base: 0x0000000800000000, Narrow klass shift: 0
Compressed class space size: 1073741824 Address: 0x0000000800000000

Heap:
 PSYoungGen      total 66048K, used 62339K [0x0000000795580000, 0x000000079a100000, 0x00000007c0000000)
  eden space 60928K, 93% used [0x0000000795580000,0x0000000798d67ec0,0x0000000799100000)
  from space 5120K, 99% used [0x0000000799600000,0x0000000799af9020,0x0000000799b00000)
  to   space 6144K, 0% used [0x0000000799b00000,0x0000000799b00000,0x000000079a100000)
 ParOldGen       total 60416K, used 10874K [0x0000000740000000, 0x0000000743b00000, 0x0000000795580000)
  object space 60416K, 17% used [0x0000000740000000,0x0000000740a9e800,0x0000000743b00000)
 Metaspace       used 22841K, capacity 24790K, committed 24832K, reserved 1071104K
  class space    used 3164K, capacity 3557K, committed 3584K, reserved 1048576K

Card table byte_map: [0x000000010283c000,0x0000000102c40000] byte_map_base: 0x00000000fee3c000

Marking Bits: (ParMarkBitMap*) 0x00000001038b6178
 Begin Bits: [0x000000010bf34000, 0x000000010df34000)
 End Bits:   [0x000000010df34000, 0x000000010ff34000)

Polling page: 0x00000001024a8000

CodeCache: size=131072Kb used=15490Kb max_used=15914Kb free=115581Kb
 bounds [0x0000000103f34000, 0x0000000104f24000, 0x000000010bf34000]
 total_blobs=5639 nmethods=4959 adapters=595
 compilation: enabled

Compilation events (10 events):
Event: 52.378 Thread 0x0000000125054800 nmethod 5813 0x0000000104388350 code [0x0000000104388480, 0x0000000104388510]
Event: 52.380 Thread 0x0000000126041000 nmethod 5814 0x0000000104040010 code [0x0000000104040180, 0x0000000104040450]
Event: 52.380 Thread 0x000000012580e800 5815       3       com.sun.javafx.scene.control.skin.LabeledSkinBase::computeMaxHeight (12 bytes)
Event: 52.380 Thread 0x000000012580e800 nmethod 5815 0x0000000104af7790 code [0x0000000104af7900, 0x0000000104af7c68]
Event: 52.476 Thread 0x000000012580e800 5816       3       document.BasicDocument::<init> (19 bytes)
Event: 52.476 Thread 0x000000012580e800 nmethod 5816 0x0000000104820c90 code [0x0000000104820e40, 0x0000000104821268]
Event: 52.476 Thread 0x000000012580e800 5817       3       document.Document::<init> (10 bytes)
Event: 52.476 Thread 0x000000012580e800 nmethod 5817 0x0000000104359190 code [0x0000000104359300, 0x0000000104359490]
Event: 52.477 Thread 0x0000000114008800 5818       4       document.BasicDocument::<init> (19 bytes)
Event: 52.478 Thread 0x0000000114008800 nmethod 5818 0x00000001048b9b10 code [0x00000001048b9cc0, 0x00000001048b9ea8]

GC Heap History (10 events):
Event: 0.953 GC heap before
{Heap before GC invocations=2 (full 0):
 PSYoungGen      total 38400K, used 38377K [0x0000000795580000, 0x0000000798000000, 0x00000007c0000000)
  eden space 33280K, 100% used [0x0000000795580000,0x0000000797600000,0x0000000797600000)
  from space 5120K, 99% used [0x0000000797600000,0x0000000797afa590,0x0000000797b00000)
  to   space 5120K, 0% used [0x0000000797b00000,0x0000000797b00000,0x0000000798000000)
 ParOldGen       total 87552K, used 1707K [0x0000000740000000, 0x0000000745580000, 0x0000000795580000)
  object space 87552K, 1% used [0x0000000740000000,0x00000007401aacc0,0x0000000745580000)
 Metaspace       used 17237K, capacity 18286K, committed 18432K, reserved 1064960K
  class space    used 2519K, capacity 2777K, committed 2816K, reserved 1048576K
Event: 0.957 GC heap after
Heap after GC invocations=2 (full 0):
 PSYoungGen      total 38400K, used 5108K [0x0000000795580000, 0x0000000798000000, 0x00000007c0000000)
  eden space 33280K, 0% used [0x0000000795580000,0x0000000795580000,0x0000000797600000)
  from space 5120K, 99% used [0x0000000797b00000,0x0000000797ffd280,0x0000000798000000)
  to   space 5120K, 0% used [0x0000000797600000,0x0000000797600000,0x0000000797b00000)
 ParOldGen       total 87552K, used 3289K [0x0000000740000000, 0x0000000745580000, 0x0000000795580000)
  object space 87552K, 3% used [0x0000000740000000,0x0000000740336688,0x0000000745580000)
 Metaspace       used 17237K, capacity 18286K, committed 18432K, reserved 1064960K
  class space    used 2519K, capacity 2777K, committed 2816K, reserved 1048576K
}
Event: 1.158 GC heap before
{Heap before GC invocations=3 (full 0):
 PSYoungGen      total 38400K, used 17415K [0x0000000795580000, 0x0000000798000000, 0x00000007c0000000)
  eden space 33280K, 36% used [0x0000000795580000,0x0000000796184ce0,0x0000000797600000)
  from space 5120K, 99% used [0x0000000797b00000,0x0000000797ffd280,0x0000000798000000)
  to   space 5120K, 0% used [0x0000000797600000,0x0000000797600000,0x0000000797b00000)
 ParOldGen       total 87552K, used 3289K [0x0000000740000000, 0x0000000745580000, 0x0000000795580000)
  object space 87552K, 3% used [0x0000000740000000,0x0000000740336688,0x0000000745580000)
 Metaspace       used 19676K, capacity 21198K, committed 21248K, reserved 1067008K
  class space    used 2985K, capacity 3323K, committed 3328K, reserved 1048576K
Event: 1.161 GC heap after
Heap after GC invocations=3 (full 0):
 PSYoungGen      total 38400K, used 5090K [0x0000000795580000, 0x000000079a080000, 0x00000007c0000000)
  eden space 33280K, 0% used [0x0000000795580000,0x0000000795580000,0x0000000797600000)
  from space 5120K, 99% used [0x0000000797600000,0x0000000797af8ab0,0x0000000797b00000)
  to   space 5120K, 0% used [0x0000000799b80000,0x0000000799b80000,0x000000079a080000)
 ParOldGen       total 87552K, used 5022K [0x0000000740000000, 0x0000000745580000, 0x0000000795580000)
  object space 87552K, 5% used [0x0000000740000000,0x00000007404e7828,0x0000000745580000)
 Metaspace       used 19676K, capacity 21198K, committed 21248K, reserved 1067008K
  class space    used 2985K, capacity 3323K, committed 3328K, reserved 1048576K
}
Event: 1.161 GC heap before
{Heap before GC invocations=4 (full 1):
 PSYoungGen      total 38400K, used 5090K [0x0000000795580000, 0x000000079a080000, 0x00000007c0000000)
  eden space 33280K, 0% used [0x0000000795580000,0x0000000795580000,0x0000000797600000)
  from space 5120K, 99% used [0x0000000797600000,0x0000000797af8ab0,0x0000000797b00000)
  to   space 5120K, 0% used [0x0000000799b80000,0x0000000799b80000,0x000000079a080000)
 ParOldGen       total 87552K, used 5022K [0x0000000740000000, 0x0000000745580000, 0x0000000795580000)
  object space 87552K, 5% used [0x0000000740000000,0x00000007404e7828,0x0000000745580000)
 Metaspace       used 19676K, capacity 21198K, committed 21248K, reserved 1067008K
  class space    used 2985K, capacity 3323K, committed 3328K, reserved 1048576K
Event: 1.175 GC heap after
Heap after GC invocations=4 (full 1):
 PSYoungGen      total 38400K, used 0K [0x0000000795580000, 0x000000079a080000, 0x00000007c0000000)
  eden space 33280K, 0% used [0x0000000795580000,0x0000000795580000,0x0000000797600000)
  from space 5120K, 0% used [0x0000000797600000,0x0000000797600000,0x0000000797b00000)
  to   space 5120K, 0% used [0x0000000799b80000,0x0000000799b80000,0x000000079a080000)
 ParOldGen       total 60416K, used 6759K [0x0000000740000000, 0x0000000743b00000, 0x0000000795580000)
  object space 60416K, 11% used [0x0000000740000000,0x0000000740699cc8,0x0000000743b00000)
 Metaspace       used 19676K, capacity 21198K, committed 21248K, reserved 1067008K
  class space    used 2985K, capacity 3323K, committed 3328K, reserved 1048576K
}
Event: 28.492 GC heap before
{Heap before GC invocations=5 (full 1):
 PSYoungGen      total 38400K, used 33280K [0x0000000795580000, 0x000000079a080000, 0x00000007c0000000)
  eden space 33280K, 100% used [0x0000000795580000,0x0000000797600000,0x0000000797600000)
  from space 5120K, 0% used [0x0000000797600000,0x0000000797600000,0x0000000797b00000)
  to   space 5120K, 0% used [0x0000000799b80000,0x0000000799b80000,0x000000079a080000)
 ParOldGen       total 60416K, used 6759K [0x0000000740000000, 0x0000000743b00000, 0x0000000795580000)
  object space 60416K, 11% used [0x0000000740000000,0x0000000740699cc8,0x0000000743b00000)
 Metaspace       used 21836K, capacity 23702K, committed 23808K, reserved 1069056K
  class space    used 3120K, capacity 3507K, committed 3584K, reserved 1048576K
Event: 28.495 GC heap after
Heap after GC invocations=5 (full 1):
 PSYoungGen      total 50688K, used 4356K [0x0000000795580000, 0x000000079a000000, 0x00000007c0000000)
  eden space 46080K, 0% used [0x0000000795580000,0x0000000795580000,0x0000000798280000)
  from space 4608K, 94% used [0x0000000799b80000,0x0000000799fc1020,0x000000079a000000)
  to   space 5120K, 0% used [0x0000000799600000,0x0000000799600000,0x0000000799b00000)
 ParOldGen       total 60416K, used 8787K [0x0000000740000000, 0x0000000743b00000, 0x0000000795580000)
  object space 60416K, 14% used [0x0000000740000000,0x0000000740894cd8,0x0000000743b00000)
 Metaspace       used 21836K, capacity 23702K, committed 23808K, reserved 1069056K
  class space    used 3120K, capacity 3507K, committed 3584K, reserved 1048576K
}
Event: 34.831 GC heap before
{Heap before GC invocations=6 (full 1):
 PSYoungGen      total 50688K, used 50436K [0x0000000795580000, 0x000000079a000000, 0x00000007c0000000)
  eden space 46080K, 100% used [0x0000000795580000,0x0000000798280000,0x0000000798280000)
  from space 4608K, 94% used [0x0000000799b80000,0x0000000799fc1020,0x000000079a000000)
  to   space 5120K, 0% used [0x0000000799600000,0x0000000799600000,0x0000000799b00000)
 ParOldGen       total 60416K, used 8793K [0x0000000740000000, 0x0000000743b00000, 0x0000000795580000)
  object space 60416K, 14% used [0x0000000740000000,0x0000000740896550,0x0000000743b00000)
 Metaspace       used 22574K, capacity 24562K, committed 24832K, reserved 1071104K
  class space    used 3162K, capacity 3555K, committed 3584K, reserved 1048576K
Event: 34.833 GC heap after
Heap after GC invocations=6 (full 1):
 PSYoungGen      total 66048K, used 5092K [0x0000000795580000, 0x000000079a100000, 0x00000007c0000000)
  eden space 60928K, 0% used [0x0000000795580000,0x0000000795580000,0x0000000799100000)
  from space 5120K, 99% used [0x0000000799600000,0x0000000799af9020,0x0000000799b00000)
  to   space 6144K, 0% used [0x0000000799b00000,0x0000000799b00000,0x000000079a100000)
 ParOldGen       total 60416K, used 10874K [0x0000000740000000, 0x0000000743b00000, 0x0000000795580000)
  object space 60416K, 17% used [0x0000000740000000,0x0000000740a9e800,0x0000000743b00000)
 Metaspace       used 22574K, capacity 24562K, committed 24832K, reserved 1071104K
  class space    used 3162K, capacity 3555K, committed 3584K, reserved 1048576K
}

Deoptimization events (10 events):
Event: 41.522 Thread 0x0000000126181000 Uncommon trap: reason=unstable_if action=reinterpret pc=0x0000000104eb00fc method=javafx.scene.Scene$MouseHandler.handleEnterExit(Ljavafx/scene/input/MouseEvent;Ljavafx/scene/Scene$TargetWrapper;)V @ 256
Event: 44.827 Thread 0x0000000126181000 Uncommon trap: reason=bimorphic action=maybe_recompile pc=0x00000001048437fc method=com.sun.javafx.collections.ListListenerHelper$Generic.fireValueChangedEvent(Ljavafx/collections/ListChangeListener$Change;)V @ 96
Event: 44.827 Thread 0x0000000126181000 Uncommon trap: reason=bimorphic action=maybe_recompile pc=0x00000001048437fc method=com.sun.javafx.collections.ListListenerHelper$Generic.fireValueChangedEvent(Ljavafx/collections/ListChangeListener$Change;)V @ 96
Event: 44.827 Thread 0x0000000126181000 Uncommon trap: reason=unstable_if action=reinterpret pc=0x0000000104db8440 method=java.util.AbstractList.equals(Ljava/lang/Object;)Z @ 108
Event: 46.042 Thread 0x0000000126181000 Uncommon trap: reason=bimorphic action=maybe_recompile pc=0x000000010496c7e0 method=org.reactfx.value.SuspendableValWrapper.getValue()Ljava/lang/Object; @ 4
Event: 46.153 Thread 0x0000000126181000 Uncommon trap: reason=bimorphic action=maybe_recompile pc=0x000000010496c7e0 method=org.reactfx.value.SuspendableValWrapper.getValue()Ljava/lang/Object; @ 4
Event: 46.784 Thread 0x0000000126181000 Uncommon trap: reason=bimorphic action=maybe_recompile pc=0x000000010496c7e0 method=org.reactfx.value.SuspendableValWrapper.getValue()Ljava/lang/Object; @ 4
Event: 51.693 Thread 0x0000000126181000 Uncommon trap: reason=unstable_if action=reinterpret pc=0x0000000104e0ea94 method=javafx.scene.CssStyleHelper.transitionToState(Ljavafx/scene/Node;)V @ 671
Event: 51.748 Thread 0x0000000126181000 Uncommon trap: reason=unstable_if action=reinterpret pc=0x0000000104791b20 method=com.sun.javafx.css.BitSet.retainAll(Ljava/util/Collection;)Z @ 159
Event: 52.475 Thread 0x0000000126181000 Uncommon trap: reason=bimorphic action=maybe_recompile pc=0x000000010496c7e0 method=org.reactfx.value.SuspendableValWrapper.getValue()Ljava/lang/Object; @ 4

Classes redefined (0 events):
No events

Internal exceptions (10 events):
Event: 0.959 Thread 0x0000000126181000 Exception <a 'java/lang/NoSuchMethodError': java.lang.Object.lambda$null$19(Ljava/util/function/BiConsumer;Ljava/util/function/BiConsumer;Ljava/lang/Object;Ljavafx/event/Event;)V> (0x00000007955dd460) thrown at [/Users/tester/jenkins/workspace/zulu-platfo
Event: 0.959 Thread 0x0000000126181000 Exception <a 'java/lang/NoSuchMethodError': java.lang.Object.lambda$bind$14(Ljava/util/function/BiConsumer;Ljava/lang/Object;Ljavafx/event/Event;)V> (0x00000007955e0b18) thrown at [/Users/tester/jenkins/workspace/zulu-platform-build/zulu-src.git/hotspot/s
Event: 1.119 Thread 0x0000000126181000 Exception <a 'java/lang/NoSuchMethodError': java.lang.Object.lambda$asListChange$118()Ljava/util/List;> (0x0000000795d90ca0) thrown at [/Users/tester/jenkins/workspace/zulu-platform-build/zulu-src.git/hotspot/src/share/vm/interpreter/linkResolver.cpp, lin
Event: 1.120 Thread 0x0000000126181000 Exception <a 'java/lang/IncompatibleClassChangeError': Found class java.lang.Object, but interface was expected> (0x0000000795db57c8) thrown at [/Users/tester/jenkins/workspace/zulu-platform-build/zulu-src.git/hotspot/src/share/vm/interpreter/linkResolver
Event: 1.122 Thread 0x0000000126181000 Exception <a 'java/lang/NoSuchMethodError': java.lang.Object.lambda$instantiate$117(Lorg/reactfx/collection/QuasiListChange;Ljavafx/collections/ObservableList;)Ljava/util/List;> (0x0000000795deab38) thrown at [/Users/tester/jenkins/workspace/zulu-platform
Event: 1.122 Thread 0x0000000126181000 Exception <a 'java/lang/NoSuchMethodError': java.lang.Object.lambda$null$116(Ljavafx/collections/ObservableList;Lorg/reactfx/collection/QuasiListModification;)Lorg/reactfx/collection/ListModification;> (0x0000000795def230) thrown at [/Users/tester/jenkins
Event: 1.132 Thread 0x0000000126181000 Exception <a 'java/lang/NoSuchMethodError': java.lang.Object.lambda$minYProperty$2(Ljava/lang/Number;Ljavafx/geometry/Bounds;)Ljava/lang/Double;> (0x0000000795f40388) thrown at [/Users/tester/jenkins/workspace/zulu-platform-build/zulu-src.git/hotspot/src/
Event: 2.208 Thread 0x0000000126181000 Exception <a 'java/lang/NoSuchMethodError': java.lang.Object.lambda$static$133()V> (0x0000000795c6afe8) thrown at [/Users/tester/jenkins/workspace/zulu-platform-build/zulu-src.git/hotspot/src/share/vm/interpreter/linkResolver.cpp, line 620]
Event: 23.868 Thread 0x0000000126181000 Exception <a 'java/lang/NoSuchMethodError': java.lang.Object.lambda$pApply$134(Ljava/lang/Object;Ljava/lang/Object;Ljava/lang/Object;)Ljava/lang/Object;> (0x00000007963e66b8) thrown at [/Users/tester/jenkins/workspace/zulu-platform-build/zulu-src.git/hots
Event: 26.516 Thread 0x0000000126181000 Exception <a 'java/lang/NoSuchMethodError': java.lang.Object.lambda$null$1(Ljava/util/function/Predicate;Ljavafx/event/Event;)Ljavafx/event/Event;> (0x0000000797243258) thrown at [/Users/tester/jenkins/workspace/zulu-platform-build/zulu-src.git/hotspot/sr

Events (10 events):
Event: 48.175 Thread 0x000000012580e800 flushing nmethod 0x0000000104e8ed10
Event: 51.693 Thread 0x0000000126181000 Uncommon trap: trap_request=0xffffff65 fr.pc=0x0000000104e0ea94
Event: 51.693 Thread 0x0000000126181000 DEOPT PACKING pc=0x0000000104e0ea94 sp=0x000000016d9bdce0
Event: 51.693 Thread 0x0000000126181000 DEOPT UNPACKING pc=0x0000000103f6d6d4 sp=0x000000016d9bdc30 mode 2
Event: 51.748 Thread 0x0000000126181000 Uncommon trap: trap_request=0xffffff65 fr.pc=0x0000000104791b20
Event: 51.748 Thread 0x0000000126181000 DEOPT PACKING pc=0x0000000104791b20 sp=0x000000016d9bdcd0
Event: 51.748 Thread 0x0000000126181000 DEOPT UNPACKING pc=0x0000000103f6d6d4 sp=0x000000016d9bdb30 mode 2
Event: 52.475 Thread 0x0000000126181000 Uncommon trap: trap_request=0xffffffc6 fr.pc=0x000000010496c7e0
Event: 52.475 Thread 0x0000000126181000 DEOPT PACKING pc=0x000000010496c7e0 sp=0x000000016d9bd940
Event: 52.475 Thread 0x0000000126181000 DEOPT UNPACKING pc=0x0000000103f6d6d4 sp=0x000000016d9bd940 mode 2


Dynamic libraries:
0x00000001c07f0000 	/System/Library/Frameworks/Cocoa.framework/Versions/A/Cocoa
0x00000001ac614000 	/System/Library/Frameworks/AppKit.framework/Versions/C/AppKit
0x00000001aefbc000 	/System/Library/Frameworks/CoreData.framework/Versions/A/CoreData
0x00000001aa275000 	/System/Library/Frameworks/Foundation.framework/Versions/C/Foundation
0x00000001b49a0000 	/usr/lib/libSystem.B.dylib
0x00000001ad520000 	/System/Library/PrivateFrameworks/UIFoundation.framework/Versions/A/UIFoundation
0x0000000215aa5000 	/System/Library/PrivateFrameworks/CollectionViewCore.framework/Versions/A/CollectionViewCore
0x00000001bac5c000 	/System/Library/PrivateFrameworks/RemoteViewServices.framework/Versions/A/RemoteViewServices
0x00000001b2dc2000 	/System/Library/PrivateFrameworks/XCTTargetBootstrap.framework/Versions/A/XCTTargetBootstrap
0x00000001b6736000 	/System/Library/PrivateFrameworks/InternationalSupport.framework/Versions/A/InternationalSupport
0x00000001b67bd000 	/System/Library/PrivateFrameworks/UserActivity.framework/Versions/A/UserActivity
0x000000022ccbe000 	/System/Library/PrivateFrameworks/WindowManagement.framework/Versions/A/WindowManagement
0x00000001a9f3e000 	/System/Library/Frameworks/SystemConfiguration.framework/Versions/A/SystemConfiguration
0x00000001b5c3a000 	/usr/lib/libspindump.dylib
0x00000001ad6c6000 	/System/Library/Frameworks/UniformTypeIdentifiers.framework/Versions/A/UniformTypeIdentifiers
0x00000001b10d5000 	/usr/lib/libapp_launch_measurement.dylib
0x00000001b0583000 	/System/Library/PrivateFrameworks/CoreAnalytics.framework/Versions/A/CoreAnalytics
0x00000001b10dc000 	/System/Library/PrivateFrameworks/CoreAutoLayout.framework/Versions/A/CoreAutoLayout
0x00000001b25d0000 	/System/Library/Frameworks/Metal.framework/Versions/A/Metal
0x00000001b3521000 	/usr/lib/liblangid.dylib
0x00000001b2dc8000 	/System/Library/PrivateFrameworks/CoreSVG.framework/Versions/A/CoreSVG
0x00000001adfee000 	/System/Library/PrivateFrameworks/SkyLight.framework/Versions/A/SkyLight
0x00000001ae406000 	/System/Library/Frameworks/CoreGraphics.framework/Versions/A/CoreGraphics
0x00000001bb327000 	/System/Library/Frameworks/Accelerate.framework/Versions/A/Accelerate
0x00000001b56a8000 	/System/Library/PrivateFrameworks/IconServices.framework/Versions/A/IconServices
0x00000001b25b0000 	/System/Library/Frameworks/IOSurface.framework/Versions/A/IOSurface
0x00000001b05b1000 	/usr/lib/libDiagnosticMessagesClient.dylib
0x00000001b48e6000 	/usr/lib/libz.1.dylib
0x00000001be5c3000 	/System/Library/Frameworks/ApplicationServices.framework/Versions/A/ApplicationServices
0x00000001b2daa000 	/System/Library/PrivateFrameworks/DFRFoundation.framework/Versions/A/DFRFoundation
0x00000001abe92000 	/usr/lib/libicucore.A.dylib
0x00000001b76c7000 	/System/Library/Frameworks/AudioToolbox.framework/Versions/A/AudioToolbox
0x00000001b6741000 	/System/Library/PrivateFrameworks/DataDetectorsCore.framework/Versions/A/DataDetectorsCore
0x00000001cd8cf000 	/System/Library/PrivateFrameworks/TextInput.framework/Versions/A/TextInput
0x00000001adf53000 	/usr/lib/libMobileGestalt.dylib
0x00000001b2a76000 	/System/Library/Frameworks/Carbon.framework/Versions/A/Frameworks/HIToolbox.framework/Versions/A/HIToolbox
0x00000001b0a5c000 	/System/Library/Frameworks/QuartzCore.framework/Versions/A/QuartzCore
0x00000001abaed000 	/System/Library/Frameworks/Security.framework/Versions/A/Security
0x00000001bac9c000 	/System/Library/Frameworks/Carbon.framework/Versions/A/Frameworks/SpeechRecognition.framework/Versions/A/SpeechRecognition
0x00000001b0e14000 	/System/Library/PrivateFrameworks/CoreUI.framework/Versions/A/CoreUI
0x00000001ab3e5000 	/System/Library/Frameworks/CoreAudio.framework/Versions/A/CoreAudio
0x00000001b068d000 	/System/Library/Frameworks/DiskArbitration.framework/Versions/A/DiskArbitration
0x00000001b606e000 	/System/Library/PrivateFrameworks/MultitouchSupport.framework/Versions/A/MultitouchSupport
0x00000001adf51000 	/usr/lib/libenergytrace.dylib
0x00000001ac4d7000 	/System/Library/Frameworks/IOKit.framework/Versions/A/IOKit
0x00000001bb083000 	/System/Library/Frameworks/CoreServices.framework/Versions/A/CoreServices
0x00000001b1062000 	/System/Library/PrivateFrameworks/PerformanceAnalysis.framework/Versions/A/PerformanceAnalysis
0x00000001f882f000 	/System/Library/Frameworks/OpenGL.framework/Versions/A/OpenGL
0x00000001b1126000 	/usr/lib/libxml2.2.dylib
0x00000001b3ef5000 	/System/Library/PrivateFrameworks/MobileKeyBag.framework/Versions/A/MobileKeyBag
0x00000001a8f74000 	/usr/lib/libobjc.A.dylib
0x00000001a922a000 	/usr/lib/libc++.1.dylib
0x00000001aea51000 	/System/Library/Frameworks/ColorSync.framework/Versions/A/ColorSync
0x00000001a9348000 	/System/Library/Frameworks/CoreFoundation.framework/Versions/A/CoreFoundation
0x00000001b3142000 	/System/Library/Frameworks/CoreImage.framework/Versions/A/CoreImage
0x00000001ab206000 	/System/Library/Frameworks/CoreText.framework/Versions/A/CoreText
0x00000001b2e01000 	/System/Library/Frameworks/ImageIO.framework/Versions/A/ImageIO
0x00000001b49a6000 	/System/Library/PrivateFrameworks/SoftLinking.framework/Versions/A/SoftLinking
0x00000001b4c3a000 	/usr/lib/libcompression.dylib
0x00000001b6692000 	/System/Library/PrivateFrameworks/TextureIO.framework/Versions/A/TextureIO
0x00000001b537a000 	/usr/lib/libate.dylib
0x00000001b499a000 	/usr/lib/system/libcache.dylib
0x00000001b4953000 	/usr/lib/system/libcommonCrypto.dylib
0x00000001b4981000 	/usr/lib/system/libcompiler_rt.dylib
0x00000001b4977000 	/usr/lib/system/libcopyfile.dylib
0x00000001a90a8000 	/usr/lib/system/libcorecrypto.dylib
0x00000001a915e000 	/usr/lib/system/libdispatch.dylib
0x00000001a92f0000 	/usr/lib/system/libdyld.dylib
0x00000001b4990000 	/usr/lib/system/libkeymgr.dylib
0x00000001b4931000 	/usr/lib/system/libmacho.dylib
0x00000001b3fef000 	/usr/lib/system/libquarantine.dylib
0x00000001b498d000 	/usr/lib/system/libremovefile.dylib
0x00000001adfb8000 	/usr/lib/system/libsystem_asl.dylib
0x00000001a9045000 	/usr/lib/system/libsystem_blocks.dylib
0x00000001a91a9000 	/usr/lib/system/libsystem_c.dylib
0x00000001b4985000 	/usr/lib/system/libsystem_collections.dylib
0x00000001b350f000 	/usr/lib/system/libsystem_configuration.dylib
0x00000001b257e000 	/usr/lib/system/libsystem_containermanager.dylib
0x00000001b4630000 	/usr/lib/system/libsystem_coreservices.dylib
0x00000001ac149000 	/usr/lib/system/libsystem_darwin.dylib
0x00000001b4991000 	/usr/lib/system/libsystem_dnssd.dylib
0x00000001a91a6000 	/usr/lib/system/libsystem_featureflags.dylib
0x00000001a931c000 	/usr/lib/system/libsystem_info.dylib
0x00000001b48f8000 	/usr/lib/system/libsystem_m.dylib
0x00000001a9132000 	/usr/lib/system/libsystem_malloc.dylib
0x00000001adf38000 	/usr/lib/system/libsystem_networkextension.dylib
0x00000001ac5b3000 	/usr/lib/system/libsystem_notify.dylib
0x00000001b3514000 	/usr/lib/system/libsystem_sandbox.dylib
0x00000001b498a000 	/usr/lib/system/libsystem_secinit.dylib
0x00000001a92a9000 	/usr/lib/system/libsystem_kernel.dylib
0x00000001a9314000 	/usr/lib/system/libsystem_platform.dylib
0x00000001a92e3000 	/usr/lib/system/libsystem_pthread.dylib
0x00000001af78d000 	/usr/lib/system/libsystem_symptoms.dylib
0x00000001a908e000 	/usr/lib/system/libsystem_trace.dylib
0x00000001b4964000 	/usr/lib/system/libunwind.dylib
0x00000001a904a000 	/usr/lib/system/libxpc.dylib
0x00000001a9291000 	/usr/lib/libc++abi.dylib
0x00000001b496f000 	/usr/lib/liboah.dylib
0x00000001b5237000 	/usr/lib/liblzma.5.dylib
0x00000001b49a2000 	/usr/lib/libfakelink.dylib
0x00000001adb76000 	/System/Library/Frameworks/CFNetwork.framework/Versions/A/CFNetwork
0x00000001b4ae1000 	/usr/lib/libarchive.2.dylib
0x00000001b8fd6000 	/System/Library/Frameworks/Combine.framework/Versions/A/Combine
0x00000001b7091000 	/usr/lib/swift/libswiftCore.dylib
0x00000001ca9a4000 	/usr/lib/swift/libswiftCoreFoundation.dylib
0x00000001c8861000 	/usr/lib/swift/libswiftDarwin.dylib
0x00000001bc59c000 	/usr/lib/swift/libswiftDispatch.dylib
0x00000001ca9c5000 	/usr/lib/swift/libswiftIOKit.dylib
0x00000001be9ee000 	/usr/lib/swift/libswiftObjectiveC.dylib
0x00000001ca9b8000 	/usr/lib/swift/libswiftXPC.dylib
0x00000002334f6000 	/usr/lib/swift/libswift_Concurrency.dylib
0x0000000233648000 	/usr/lib/swift/libswift_StringProcessing.dylib
0x00000001be9f2000 	/usr/lib/swift/libswiftos.dylib
0x00000001ac45c000 	/System/Library/PrivateFrameworks/CoreServicesInternal.framework/Versions/A/CoreServicesInternal
0x00000001b401a000 	/usr/lib/libbsm.0.dylib
0x00000001b4937000 	/usr/lib/system/libkxld.dylib
0x00000001b109e000 	/System/Library/Frameworks/CoreServices.framework/Versions/A/Frameworks/FSEvents.framework/Versions/A/FSEvents
0x00000001ac154000 	/System/Library/Frameworks/CoreServices.framework/Versions/A/Frameworks/CarbonCore.framework/Versions/A/CarbonCore
0x00000001b05f4000 	/System/Library/Frameworks/CoreServices.framework/Versions/A/Frameworks/Metadata.framework/Versions/A/Metadata
0x00000001b4636000 	/System/Library/Frameworks/CoreServices.framework/Versions/A/Frameworks/OSServices.framework/Versions/A/OSServices
0x00000001b4b68000 	/System/Library/Frameworks/CoreServices.framework/Versions/A/Frameworks/SearchKit.framework/Versions/A/SearchKit
0x00000001af710000 	/System/Library/Frameworks/CoreServices.framework/Versions/A/Frameworks/AE.framework/Versions/A/AE
0x00000001a9820000 	/System/Library/Frameworks/CoreServices.framework/Versions/A/Frameworks/LaunchServices.framework/Versions/A/LaunchServices
0x00000001b51e0000 	/System/Library/Frameworks/CoreServices.framework/Versions/A/Frameworks/DictionaryServices.framework/Versions/A/DictionaryServices
0x00000001b10ab000 	/System/Library/Frameworks/CoreServices.framework/Versions/A/Frameworks/SharedFileList.framework/Versions/A/SharedFileList
0x00000001b4c07000 	/usr/lib/libapple_nghttp2.dylib
0x00000001adb72000 	/usr/lib/libnetwork.dylib
0x00000001af394000 	/usr/lib/libsqlite3.dylib
0x00000001af796000 	/System/Library/Frameworks/Network.framework/Versions/A/Network
0x0000000232643000 	/usr/lib/libCoreEntitlements.dylib
0x000000021f0b0000 	/System/Library/PrivateFrameworks/MessageSecurity.framework/Versions/A/MessageSecurity
0x00000001af37a000 	/System/Library/PrivateFrameworks/ProtocolBuffer.framework/Versions/A/ProtocolBuffer
0x00000001b4612000 	/System/Library/PrivateFrameworks/AppleFSCompression.framework/Versions/A/AppleFSCompression
0x00000001b4002000 	/usr/lib/libcoretls.dylib
0x00000001b5250000 	/usr/lib/libcoretls_cfhelpers.dylib
0x00000001b4c34000 	/usr/lib/libpam.2.dylib
0x00000001b52b8000 	/usr/lib/libxar.1.dylib
0x00000001b5683000 	/usr/lib/libheimdal-asn1.dylib
0x00000001b49a7000 	/usr/lib/libpcap.A.dylib
0x00000001af783000 	/usr/lib/libdns_services.dylib
0x00000001b351c000 	/System/Library/PrivateFrameworks/AppleSystemInfo.framework/Versions/A/AppleSystemInfo
0x00000001b3cf6000 	/System/Library/PrivateFrameworks/IOMobileFramebuffer.framework/Versions/A/IOMobileFramebuffer
0x00000001b4623000 	/usr/lib/libbz2.1.0.dylib
0x00000001b3ff2000 	/usr/lib/libCheckFix.dylib
0x00000001adfd0000 	/System/Library/PrivateFrameworks/TCC.framework/Versions/A/TCC
0x00000001b3523000 	/System/Library/PrivateFrameworks/CoreNLP.framework/Versions/A/CoreNLP
0x00000001b05b3000 	/System/Library/PrivateFrameworks/MetadataUtilities.framework/Versions/A/MetadataUtilities
0x00000001b402b000 	/usr/lib/libmecab.dylib
0x00000001a9fc8000 	/usr/lib/libCRFSuite.dylib
0x00000001b4088000 	/usr/lib/libgermantok.dylib
0x00000001b4be0000 	/usr/lib/libThaiTokenizer.dylib
0x00000001b0696000 	/System/Library/Frameworks/Accelerate.framework/Versions/A/Frameworks/vImage.framework/Versions/A/vImage
0x00000001bb05a000 	/System/Library/Frameworks/Accelerate.framework/Versions/A/Frameworks/vecLib.framework/Versions/A/vecLib
0x00000001b52fe000 	/System/Library/Frameworks/Accelerate.framework/Versions/A/Frameworks/vecLib.framework/Versions/A/libvMisc.dylib
0x00000001b3bf6000 	/System/Library/Frameworks/Accelerate.framework/Versions/A/Frameworks/vecLib.framework/Versions/A/libvDSP.dylib
0x00000001a9bd4000 	/System/Library/Frameworks/Accelerate.framework/Versions/A/Frameworks/vecLib.framework/Versions/A/libBLAS.dylib
0x00000001b4d0c000 	/System/Library/Frameworks/Accelerate.framework/Versions/A/Frameworks/vecLib.framework/Versions/A/libLAPACK.dylib
0x00000001b408b000 	/System/Library/Frameworks/Accelerate.framework/Versions/A/Frameworks/vecLib.framework/Versions/A/libLinearAlgebra.dylib
0x00000001b4c1f000 	/System/Library/Frameworks/Accelerate.framework/Versions/A/Frameworks/vecLib.framework/Versions/A/libSparseBLAS.dylib
0x00000001b4d07000 	/System/Library/Frameworks/Accelerate.framework/Versions/A/Frameworks/vecLib.framework/Versions/A/libQuadrature.dylib
0x00000001b361c000 	/System/Library/Frameworks/Accelerate.framework/Versions/A/Frameworks/vecLib.framework/Versions/A/libBNNS.dylib
0x00000001a9ed7000 	/System/Library/Frameworks/Accelerate.framework/Versions/A/Frameworks/vecLib.framework/Versions/A/libSparse.dylib
0x000000021e3e6000 	/System/Library/PrivateFrameworks/MIL.framework/Versions/A/MIL
0x00000001b49dc000 	/usr/lib/libiconv.2.dylib
0x00000001b4930000 	/usr/lib/libcharset.1.dylib
0x00000001b107e000 	/System/Library/Frameworks/OpenDirectory.framework/Versions/A/Frameworks/CFOpenDirectory.framework/Versions/A/CFOpenDirectory
0x00000001b106e000 	/System/Library/Frameworks/OpenDirectory.framework/Versions/A/OpenDirectory
0x00000001b5252000 	/System/Library/PrivateFrameworks/APFS.framework/Versions/A/APFS
0x00000001b3f2c000 	/System/Library/Frameworks/SecurityFoundation.framework/Versions/A/SecurityFoundation
0x00000001b52c7000 	/usr/lib/libutil.dylib
0x000000021d45b000 	/System/Library/PrivateFrameworks/InstalledContentLibrary.framework/Versions/A/InstalledContentLibrary
0x00000001ac49a000 	/System/Library/PrivateFrameworks/CoreServicesStore.framework/Versions/A/CoreServicesStore
0x0000000214456000 	/System/Library/PrivateFrameworks/AppleMobileFileIntegrity.framework/Versions/A/AppleMobileFileIntegrity
0x00000001ca983000 	/usr/lib/libmis.dylib
0x00000001d88e4000 	/System/Library/PrivateFrameworks/MobileSystemServices.framework/Versions/A/MobileSystemServices
0x00000001f3121000 	/System/Library/PrivateFrameworks/ConfigProfileHelper.framework/Versions/A/ConfigProfileHelper
0x00000001b4be2000 	/System/Library/PrivateFrameworks/AppleSauce.framework/Versions/A/AppleSauce
0x00000001aacaf000 	/System/Library/PrivateFrameworks/LanguageModeling.framework/Versions/A/LanguageModeling
0x00000001b52cb000 	/usr/lib/libxslt.1.dylib
0x00000001b4acf000 	/usr/lib/libcmph.dylib
0x00000001b3ce3000 	/System/Library/PrivateFrameworks/CoreEmoji.framework/Versions/A/CoreEmoji
0x00000001b3616000 	/System/Library/PrivateFrameworks/LinguisticData.framework/Versions/A/LinguisticData
0x00000001a9e8f000 	/System/Library/PrivateFrameworks/Lexicon.framework/Versions/A/Lexicon
0x00000001b3fbf000 	/System/Library/PrivateFrameworks/BackgroundTaskManagement.framework/Versions/A/BackgroundTaskManagement
0x00000002327e6000 	/usr/lib/libTLE.dylib
0x0000000233593000 	/usr/lib/swift/libswift_RegexParser.dylib
0x00000001b5f33000 	/System/Library/PrivateFrameworks/AppleJPEG.framework/Versions/A/AppleJPEG
0x00000001b5668000 	/usr/lib/libexpat.1.dylib
0x00000001b64f4000 	/System/Library/Frameworks/ImageIO.framework/Versions/A/Resources/libPng.dylib
0x00000001b651f000 	/System/Library/Frameworks/ImageIO.framework/Versions/A/Resources/libTIFF.dylib
0x00000001b6608000 	/System/Library/Frameworks/ImageIO.framework/Versions/A/Resources/libGIF.dylib
0x00000001b5f78000 	/System/Library/Frameworks/ImageIO.framework/Versions/A/Resources/libJP2.dylib
0x00000001b65ac000 	/System/Library/Frameworks/ImageIO.framework/Versions/A/Resources/libJPEG.dylib
0x00000001b65a3000 	/System/Library/Frameworks/ImageIO.framework/Versions/A/Resources/libRadiance.dylib
0x00000001b28ff000 	/System/Library/PrivateFrameworks/FontServices.framework/libFontParser.dylib
0x00000001af6b2000 	/System/Library/PrivateFrameworks/RunningBoardServices.framework/Versions/A/RunningBoardServices
0x00000001c0f22000 	/System/Library/PrivateFrameworks/IOSurfaceAccelerator.framework/Versions/A/IOSurfaceAccelerator
0x00000001b606a000 	/System/Library/PrivateFrameworks/WatchdogClient.framework/Versions/A/WatchdogClient
0x00000001aae28000 	/System/Library/Frameworks/CoreDisplay.framework/Versions/A/CoreDisplay
0x00000001b27d9000 	/System/Library/Frameworks/CoreMedia.framework/Versions/A/CoreMedia
0x00000001b25c6000 	/System/Library/PrivateFrameworks/IOAccelerator.framework/Versions/A/IOAccelerator
0x00000001b120f000 	/System/Library/Frameworks/CoreVideo.framework/Versions/A/CoreVideo
0x00000001b4c32000 	/System/Library/Frameworks/MetalPerformanceShaders.framework/Versions/A/MetalPerformanceShaders
0x00000001b60a9000 	/System/Library/Frameworks/VideoToolbox.framework/Versions/A/VideoToolbox
0x00000001af5f5000 	/System/Library/PrivateFrameworks/BaseBoard.framework/Versions/A/BaseBoard
0x00000001b659e000 	/System/Library/PrivateFrameworks/GPUWrangler.framework/Versions/A/GPUWrangler
0x00000001b657e000 	/System/Library/PrivateFrameworks/IOPresentment.framework/Versions/A/IOPresentment
0x00000001b65a6000 	/System/Library/PrivateFrameworks/DSExternalDisplay.framework/Versions/A/DSExternalDisplay
0x0000000219c04000 	/System/Library/PrivateFrameworks/GPUCompiler.framework/Versions/31001/Libraries/libllvm-flatbuffers.dylib
0x00000001f8822000 	/System/Library/Frameworks/OpenGL.framework/Versions/A/Libraries/libCoreFSCache.dylib
0x0000000219c00000 	/System/Library/PrivateFrameworks/GPUCompiler.framework/Versions/31001/Libraries/libGPUCompilerUtils.dylib
0x00000001b660e000 	/System/Library/PrivateFrameworks/CMCaptureCore.framework/Versions/A/CMCaptureCore
0x000000020e55f000 	/System/Library/Frameworks/ExtensionFoundation.framework/Versions/A/ExtensionFoundation
0x00000001bcd43000 	/System/Library/PrivateFrameworks/CoreTime.framework/Versions/A/CoreTime
0x00000001b5c25000 	/System/Library/PrivateFrameworks/AppServerSupport.framework/Versions/A/AppServerSupport
0x00000001b7fa9000 	/System/Library/PrivateFrameworks/perfdata.framework/Versions/A/perfdata
0x00000001aaf48000 	/System/Library/PrivateFrameworks/AudioToolboxCore.framework/Versions/A/AudioToolboxCore
0x00000001b27af000 	/System/Library/PrivateFrameworks/caulk.framework/Versions/A/caulk
0x00000001b7866000 	/usr/lib/libAudioStatistics.dylib
0x00000001c9da9000 	/System/Library/PrivateFrameworks/SystemPolicy.framework/Versions/A/SystemPolicy
0x00000001b7b08000 	/usr/lib/libSMC.dylib
0x00000001c06c5000 	/System/Library/Frameworks/CoreMIDI.framework/Versions/A/CoreMIDI
0x00000001b64c1000 	/usr/lib/libAudioToolboxUtility.dylib
0x00000001c5b1c000 	/System/Library/PrivateFrameworks/OSAServicesClient.framework/Versions/A/OSAServicesClient
0x00000001b7fb6000 	/usr/lib/libperfcheck.dylib
0x00000001b5553000 	/System/Library/PrivateFrameworks/PlugInKit.framework/Versions/A/PlugInKit
0x00000001b3f1e000 	/System/Library/PrivateFrameworks/AssertionServices.framework/Versions/A/AssertionServices
0x00000001f8884000 	/System/Library/Frameworks/OpenGL.framework/Versions/A/Libraries/libGLU.dylib
0x00000001f8843000 	/System/Library/Frameworks/OpenGL.framework/Versions/A/Libraries/libGFXShared.dylib
0x00000001f8a2a000 	/System/Library/Frameworks/OpenGL.framework/Versions/A/Libraries/libGL.dylib
0x00000001f884c000 	/System/Library/Frameworks/OpenGL.framework/Versions/A/Libraries/libGLImage.dylib
0x00000001f8840000 	/System/Library/Frameworks/OpenGL.framework/Versions/A/Libraries/libCVMSPluginSupport.dylib
0x00000002327c5000 	/usr/lib/libRosetta.dylib
0x00000001f8829000 	/System/Library/Frameworks/OpenGL.framework/Versions/A/Libraries/libCoreVMClient.dylib
0x00000001b3494000 	/System/Library/Frameworks/MetalPerformanceShaders.framework/Versions/A/Frameworks/MPSCore.framework/Versions/A/MPSCore
0x00000001b4588000 	/System/Library/Frameworks/MetalPerformanceShaders.framework/Versions/A/Frameworks/MPSImage.framework/Versions/A/MPSImage
0x00000001b40a0000 	/System/Library/Frameworks/MetalPerformanceShaders.framework/Versions/A/Frameworks/MPSNeuralNetwork.framework/Versions/A/MPSNeuralNetwork
0x00000001b448c000 	/System/Library/Frameworks/MetalPerformanceShaders.framework/Versions/A/Frameworks/MPSMatrix.framework/Versions/A/MPSMatrix
0x00000001b429e000 	/System/Library/Frameworks/MetalPerformanceShaders.framework/Versions/A/Frameworks/MPSRayIntersector.framework/Versions/A/MPSRayIntersector
0x00000001b44bb000 	/System/Library/Frameworks/MetalPerformanceShaders.framework/Versions/A/Frameworks/MPSNDArray.framework/Versions/A/MPSNDArray
0x000000020f92d000 	/System/Library/Frameworks/MetalPerformanceShaders.framework/Versions/A/Frameworks/MPSFunctions.framework/Versions/A/MPSFunctions
0x00000001a9a9a000 	/System/Library/PrivateFrameworks/MetalTools.framework/Versions/A/MetalTools
0x00000001b351a000 	/System/Library/PrivateFrameworks/AggregateDictionary.framework/Versions/A/AggregateDictionary
0x00000001b540c000 	/usr/lib/libIOReport.dylib
0x00000001bf8b2000 	/System/Library/PrivateFrameworks/ASEProcessing.framework/Versions/A/ASEProcessing
0x00000001b57c3000 	/System/Library/PrivateFrameworks/GraphVisualizer.framework/Versions/A/GraphVisualizer
0x0000000219b21000 	/System/Library/PrivateFrameworks/FontServices.framework/Versions/A/FontServices
0x00000001b5be3000 	/System/Library/PrivateFrameworks/OTSVG.framework/Versions/A/OTSVG
0x00000001b0dc2000 	/System/Library/Frameworks/ApplicationServices.framework/Versions/A/Frameworks/ATS.framework/Versions/A/Resources/libFontRegistry.dylib
0x00000001b5c2f000 	/System/Library/PrivateFrameworks/FontServices.framework/libhvf.dylib
0x0000000219b22000 	/System/Library/PrivateFrameworks/FontServices.framework/libXTFontStaticRegistryData.dylib
0x000000022b9be000 	/System/Library/PrivateFrameworks/VideoToolboxParavirtualizationSupport.framework/Versions/A/VideoToolboxParavirtualizationSupport
0x00000001b561c000 	/System/Library/PrivateFrameworks/AppleVA.framework/Versions/A/AppleVA
0x00000001b78a6000 	/System/Library/Frameworks/ApplicationServices.framework/Versions/A/Frameworks/ATS.framework/Versions/A/ATS
0x00000001aeb44000 	/System/Library/Frameworks/ApplicationServices.framework/Versions/A/Frameworks/HIServices.framework/Versions/A/HIServices
0x00000001b661a000 	/System/Library/Frameworks/ApplicationServices.framework/Versions/A/Frameworks/PrintCore.framework/Versions/A/PrintCore
0x00000001b7c61000 	/System/Library/Frameworks/ApplicationServices.framework/Versions/A/Frameworks/QD.framework/Versions/A/QD
0x00000001b7c55000 	/System/Library/Frameworks/ApplicationServices.framework/Versions/A/Frameworks/ColorSyncLegacy.framework/Versions/A/ColorSyncLegacy
0x00000001b787a000 	/System/Library/Frameworks/ApplicationServices.framework/Versions/A/Frameworks/SpeechSynthesis.framework/Versions/A/SpeechSynthesis
0x00000001b65d8000 	/System/Library/Frameworks/ApplicationServices.framework/Versions/A/Frameworks/ATSUI.framework/Versions/A/ATSUI
0x00000001b7be8000 	/usr/lib/libcups.2.dylib
0x00000001b7fc4000 	/System/Library/Frameworks/Kerberos.framework/Versions/A/Kerberos
0x00000001b7fd5000 	/System/Library/Frameworks/GSS.framework/Versions/A/GSS
0x00000001b7918000 	/usr/lib/libresolv.9.dylib
0x00000001b5c3f000 	/System/Library/PrivateFrameworks/Heimdal.framework/Versions/A/Heimdal
0x00000001be970000 	/System/Library/Frameworks/Kerberos.framework/Versions/A/Libraries/libHeimdalProxy.dylib
0x00000001b8025000 	/System/Library/PrivateFrameworks/CommonAuth.framework/Versions/A/CommonAuth
0x000000020d799000 	/System/Library/Frameworks/AVFAudio.framework/Versions/A/AVFAudio
0x00000001c5b6b000 	/System/Library/PrivateFrameworks/AXCoreUtilities.framework/Versions/A/AXCoreUtilities
0x00000001b77f2000 	/System/Library/PrivateFrameworks/AudioSession.framework/Versions/A/AudioSession
0x00000001b8d8d000 	/System/Library/Frameworks/IOBluetooth.framework/Versions/A/IOBluetooth
0x00000001b571d000 	/System/Library/PrivateFrameworks/MediaExperience.framework/Versions/A/MediaExperience
0x00000001b768d000 	/System/Library/PrivateFrameworks/AudioSession.framework/libSessionUtility.dylib
0x00000001b7c6d000 	/System/Library/PrivateFrameworks/AudioResourceArbitration.framework/Versions/A/AudioResourceArbitration
0x00000001bbc72000 	/System/Library/PrivateFrameworks/PowerLog.framework/Versions/A/PowerLog
0x00000001bbbb4000 	/System/Library/Frameworks/CoreBluetooth.framework/Versions/A/CoreBluetooth
0x00000001be971000 	/System/Library/Frameworks/AudioUnit.framework/Versions/A/AudioUnit
0x00000001b3d81000 	/System/Library/PrivateFrameworks/CoreUtils.framework/Versions/A/CoreUtils
0x0000000218522000 	/System/Library/PrivateFrameworks/CoreUtilsExtras.framework/Versions/A/CoreUtilsExtras
0x000000021d2f5000 	/System/Library/PrivateFrameworks/IO80211.framework/Versions/A/IO80211
0x00000001b568d000 	/System/Library/PrivateFrameworks/IconFoundation.framework/Versions/A/IconFoundation
0x00000001bac88000 	/System/Library/PrivateFrameworks/SpeechRecognitionCore.framework/Versions/A/SpeechRecognitionCore
0x0000000103200000 	/Library/Java/JavaVirtualMachines/zulu-8.jdk/Contents/Home/jre/lib/server/libjvm.dylib
0x00000001024c0000 	/Library/Java/JavaVirtualMachines/zulu-8.jdk/Contents/Home/jre/lib/libverify.dylib
0x0000000102584000 	/Library/Java/JavaVirtualMachines/zulu-8.jdk/Contents/Home/jre/lib/libjava.dylib
0x00000001025d0000 	/Library/Java/JavaVirtualMachines/zulu-8.jdk/Contents/Home/jre/lib/libinstrument.dylib
0x0000000102620000 	/Library/Java/JavaVirtualMachines/zulu-8.jdk/Contents/Home/jre/lib/libzip.dylib
0x000000010316c000 	/Library/Java/JavaVirtualMachines/zulu-8.jdk/Contents/Home/jre/lib/libnio.dylib
0x00000001031bc000 	/Library/Java/JavaVirtualMachines/zulu-8.jdk/Contents/Home/jre/lib/libnet.dylib
0x0000000103190000 	/Library/Java/JavaVirtualMachines/zulu-8.jdk/Contents/Home/jre/lib/libprism_es2.dylib
0x00000001f8a34000 	/System/Library/Frameworks/OpenGL.framework/Versions/A/Resources/GLEngine.bundle/GLEngine
0x00000001f88be000 	/System/Library/Frameworks/OpenGL.framework/Versions/A/Libraries/libGLProgrammability.dylib
0x0000000112ccc000 	/System/Library/Extensions/AppleMetalOpenGLRenderer.bundle/Contents/MacOS/AppleMetalOpenGLRenderer
0x00000001f8ba2000 	/System/Library/Frameworks/OpenGL.framework/Versions/A/Resources/GLRendererFloat.bundle/GLRendererFloat
0x000000020c2b8000 	/System/Library/Extensions/AGXMetal13_3.bundle/Contents/MacOS/AGXMetal13_3
0x00000001ca997000 	/System/Library/PrivateFrameworks/GPURawCounter.framework/Versions/A/GPURawCounter
0x00000001c4c16000 	/System/Library/PrivateFrameworks/IOGPU.framework/Versions/A/IOGPU
0x0000000112ec0000 	/Library/Java/JavaVirtualMachines/zulu-8.jdk/Contents/Home/jre/lib/libglass.dylib
0x00000001bbec2000 	/System/Library/Frameworks/FileProvider.framework/Versions/A/FileProvider
0x00000001af55d000 	/System/Library/Frameworks/Accounts.framework/Versions/A/Accounts
0x00000001b12ad000 	/System/Library/PrivateFrameworks/UserManagement.framework/Versions/A/UserManagement
0x00000001bc04c000 	/System/Library/PrivateFrameworks/GenerationalStorage.framework/Versions/A/GenerationalStorage
0x00000001bcc69000 	/System/Library/PrivateFrameworks/CoreSymbolication.framework/Versions/A/CoreSymbolication
0x00000001bbc66000 	/System/Library/PrivateFrameworks/SymptomDiagnosticReporter.framework/Versions/A/SymptomDiagnosticReporter
0x00000001ad6dc000 	/System/Library/PrivateFrameworks/DesktopServicesPriv.framework/Versions/A/DesktopServicesPriv
0x00000001ac5c3000 	/usr/lib/libsandbox.1.dylib
0x00000001bcc2a000 	/System/Library/PrivateFrameworks/DebugSymbols.framework/Versions/A/DebugSymbols
0x00000001b7c48000 	/System/Library/PrivateFrameworks/NetAuth.framework/Versions/A/NetAuth
0x00000001b8c01000 	/System/Library/PrivateFrameworks/Sharing.framework/Versions/A/Sharing
0x00000001b1271000 	/System/Library/PrivateFrameworks/login.framework/Versions/A/Frameworks/loginsupport.framework/Versions/A/loginsupport
0x00000001bde6d000 	/System/Library/PrivateFrameworks/Apple80211.framework/Versions/A/Apple80211
0x00000001b4669000 	/System/Library/PrivateFrameworks/AuthKit.framework/Versions/A/AuthKit
0x00000001b3d03000 	/System/Library/Frameworks/CoreWLAN.framework/Versions/A/CoreWLAN
0x00000001bde71000 	/System/Library/PrivateFrameworks/CoreWiFi.framework/Versions/A/CoreWiFi
0x00000001ec8e8000 	/System/Library/PrivateFrameworks/WiFiPeerToPeer.framework/Versions/A/WiFiPeerToPeer
0x00000001bc7e2000 	/System/Library/PrivateFrameworks/FrontBoardServices.framework/Versions/A/FrontBoardServices
0x00000001bc87e000 	/System/Library/PrivateFrameworks/BoardServices.framework/Versions/A/BoardServices
0x00000001bdffc000 	/System/Library/PrivateFrameworks/BackBoardServices.framework/Versions/A/BackBoardServices
0x00000001b47cd000 	/System/Library/Frameworks/UserNotifications.framework/Versions/A/UserNotifications
0x00000001b811f000 	/System/Library/PrivateFrameworks/CorePhoneNumbers.framework/Versions/A/CorePhoneNumbers
0x00000001b7945000 	/System/Library/PrivateFrameworks/MultiverseSupport.framework/Versions/A/MultiverseSupport
0x00000001be285000 	/System/Library/PrivateFrameworks/RemoteServiceDiscovery.framework/Versions/A/RemoteServiceDiscovery
0x00000001bbd92000 	/System/Library/PrivateFrameworks/DiskManagement.framework/Versions/A/DiskManagement
0x00000001bbc99000 	/System/Library/PrivateFrameworks/AppleIDAuthSupport.framework/Versions/A/AppleIDAuthSupport
0x0000000212792000 	/System/Library/PrivateFrameworks/AAAFoundation.framework/Versions/A/AAAFoundation
0x00000001b80f7000 	/System/Library/PrivateFrameworks/KeychainCircle.framework/Versions/A/KeychainCircle
0x00000001be299000 	/System/Library/PrivateFrameworks/RemoteXPC.framework/Versions/A/RemoteXPC
0x00000001bbd5e000 	/System/Library/PrivateFrameworks/MediaKit.framework/Versions/A/MediaKit
0x00000001bbca6000 	/System/Library/Frameworks/DiscRecording.framework/Versions/A/DiscRecording
0x00000001b5598000 	/usr/lib/libCoreStorage.dylib
0x00000001be301000 	/usr/lib/libcsfde.dylib
0x00000001b8e62000 	/System/Library/PrivateFrameworks/ProtectedCloudStorage.framework/Versions/A/ProtectedCloudStorage
0x00000001be2f9000 	/System/Library/PrivateFrameworks/EFILogin.framework/Versions/A/EFILogin
0x00000001bc072000 	/System/Library/PrivateFrameworks/OctagonTrust.framework/Versions/A/OctagonTrust
0x00000001b5590000 	/usr/lib/libMatch.1.dylib
0x00000001cf2b1000 	/System/Library/Frameworks/Accelerate.framework/Versions/A/Frameworks/vImage.framework/Versions/A/Libraries/libCGInterfaces.dylib
0x0000000115fac000 	/usr/lib/libobjc-trampolines.dylib
0x0000000232519000 	/usr/lib/libAccessibilityBaseImplementations.dylib
0x00000001b0f5a000 	/System/Library/PrivateFrameworks/ViewBridge.framework/Versions/A/ViewBridge
0x0000000117f5c000 	/Library/Java/JavaVirtualMachines/zulu-8.jdk/Contents/Home/jre/lib/libjavafx_font.dylib
0x00000001b5d02000 	/System/Library/PrivateFrameworks/login.framework/Versions/A/login
0x0000000122358000 	/Library/Java/JavaVirtualMachines/zulu-8.jdk/Contents/Home/jre/lib/libprism_common.dylib
0x0000000214fbf000 	/System/Library/PrivateFrameworks/CMPhoto.framework/Versions/A/CMPhoto
0x00000001b6829000 	/System/Library/Frameworks/MediaToolbox.framework/Versions/A/MediaToolbox
0x00000001bbe8e000 	/System/Library/PrivateFrameworks/CoreAVCHD.framework/Versions/A/CoreAVCHD
0x00000001bb372000 	/System/Library/Frameworks/MediaAccessibility.framework/Versions/A/MediaAccessibility
0x00000001bbe8a000 	/System/Library/PrivateFrameworks/Mangrove.framework/Versions/A/Mangrove
0x00000001bbe7e000 	/System/Library/PrivateFrameworks/CoreAUC.framework/Versions/A/CoreAUC
0x00000001d239a000 	/System/Library/CoreServices/RawCamera.bundle/Contents/MacOS/RawCamera
0x00000001b8036000 	/System/Library/PrivateFrameworks/MobileAsset.framework/Versions/A/MobileAsset
0x00000001cfc4d000 	/System/Library/PrivateFrameworks/SoftwareUpdateCoreSupport.framework/Versions/A/SoftwareUpdateCoreSupport
0x00000001d5d08000 	/System/Library/PrivateFrameworks/SoftwareUpdateCoreConnect.framework/Versions/A/SoftwareUpdateCoreConnect
0x00000001be997000 	/System/Library/PrivateFrameworks/StreamingZip.framework/Versions/A/StreamingZip
0x00000001cf8e1000 	/System/Library/PrivateFrameworks/MSUDataAccessor.framework/Versions/A/MSUDataAccessor
0x00000001cc10b000 	/usr/lib/libbootpolicy.dylib
0x00000001dc54c000 	/usr/lib/libpartition2_dynamic.dylib
0x00000001bb3a8000 	/System/Library/PrivateFrameworks/SystemAdministration.framework/Versions/A/SystemAdministration
0x00000001bac50000 	/System/Library/Frameworks/DirectoryService.framework/Versions/A/DirectoryService
0x00000001be18d000 	/System/Library/PrivateFrameworks/DiskImages.framework/Versions/A/DiskImages
0x00000001b3fe4000 	/System/Library/Frameworks/ServiceManagement.framework/Versions/A/ServiceManagement
0x00000001be37a000 	/System/Library/PrivateFrameworks/LoginUIKit.framework/Versions/A/Frameworks/LoginUICore.framework/Versions/A/LoginUICore
0x00000001b5ec5000 	/usr/lib/libodfde.dylib
0x00000001be30d000 	/usr/lib/libcurl.4.dylib
0x0000000232af7000 	/usr/lib/libcrypto.46.dylib
0x0000000233131000 	/usr/lib/libssl.48.dylib
0x00000001be01f000 	/System/Library/Frameworks/LDAP.framework/Versions/A/LDAP
0x00000001be05f000 	/System/Library/PrivateFrameworks/TrustEvaluationAgent.framework/Versions/A/TrustEvaluationAgent
0x00000001b7931000 	/usr/lib/libsasl2.2.dylib

VM Arguments:
jvm_args: -javaagent:/Applications/IntelliJ IDEA CE.app/Contents/lib/idea_rt.jar=51321:/Applications/IntelliJ IDEA CE.app/Contents/bin -Dfile.encoding=UTF-8 
java_command: application.MainApp
java_class_path (initial): /Library/Java/JavaVirtualMachines/zulu-8.jdk/Contents/Home/jre/lib/cat.jar:/Library/Java/JavaVirtualMachines/zulu-8.jdk/Contents/Home/jre/lib/charsets.jar:/Library/Java/JavaVirtualMachines/zulu-8.jdk/Contents/Home/jre/lib/ext/cldrdata.jar:/Library/Java/JavaVirtualMachines/zulu-8.jdk/Contents/Home/jre/lib/ext/crs-agent.jar:/Library/Java/JavaVirtualMachines/zulu-8.jdk/Contents/Home/jre/lib/ext/dnsns.jar:/Library/Java/JavaVirtualMachines/zulu-8.jdk/Contents/Home/jre/lib/ext/jaccess.jar:/Library/Java/JavaVirtualMachines/zulu-8.jdk/Contents/Home/jre/lib/ext/jfxrt.jar:/Library/Java/JavaVirtualMachines/zulu-8.jdk/Contents/Home/jre/lib/ext/localedata.jar:/Library/Java/JavaVirtualMachines/zulu-8.jdk/Contents/Home/jre/lib/ext/nashorn.jar:/Library/Java/JavaVirtualMachines/zulu-8.jdk/Contents/Home/jre/lib/ext/sunec.jar:/Library/Java/JavaVirtualMachines/zulu-8.jdk/Contents/Home/jre/lib/ext/sunjce_provider.jar:/Library/Java/JavaVirtualMachines/zulu-8.jdk/Contents/Home/jre/lib/ext/sunpkcs11.jar:/Library/Java/JavaVirtualMachines/zulu-8.jdk/Contents/Home/jre/lib/ext/zipfs.jar:/Library/Java/JavaVirtualMachines/zulu-8.jdk/Contents/Home/jre/lib/jce.jar:/Library/Java/JavaVirtualMachines/zulu-8.jdk/Contents/Home/jre/lib/jfr.jar:/Library/Java/JavaVirtualMachines/zulu-8.jdk/Contents/Home/jre/lib/jfxswt.jar:/Library/Java/JavaVirtualMachines/zulu-8.jdk/Contents/Home/jre/lib/jsse.jar:/Library/Java/JavaVirtualMachines/zulu-8.jdk/Contents/Home/jre/lib/management-agent.jar:/Library/Java/JavaVirtualMachines/zulu-8.jdk/Contents/Home/jre/lib/resources.jar:/Library/Java/JavaVirtualMachines/zulu-8.jdk/Contents/Home/jre/lib/rt.jar:/Users/omslaww/Coursera/OOP & Beyond/Data Structure & Performance/TextEditor/out/production/TextEditor:/Users/omslaww/.m2/repository/junit/junit/4.13.1/junit-4.13.1.jar:/Users/omslaww/.m2/repository/org/hamcrest/hamcrest-core/1.3/hamcrest-core-1.3.jar:/Users/omslaww/Coursera/OOP & Beyond/Data Structure & Performance/TextEditor/lib/richtextfx-fat-
Launcher Type: SUN_STANDARD

Environment Variables:
JAVA_HOME=/Library/Java/JavaVirtualMachines/zulu-8.jdk/Contents/Home/jre
PATH=/opt/homebrew/bin/:/opt/homebrew/Caskroom/miniforge/base/condabin:/usr/local/bin:/usr/local/bin:/System/Cryptexes/App/usr/bin:/usr/bin:/bin:/usr/sbin:/sbin:/Library/TeX/texbin:/Library/Apple/usr/bin
SHELL=/bin/zsh

Signal Handlers:
SIGSEGV: [libjvm.dylib+0x567924], sa_mask[0]=11111111011111110111111111111111, sa_flags=SA_ONSTACK|SA_RESTART|SA_SIGINFO
SIGBUS: [libjvm.dylib+0x567924], sa_mask[0]=11111111011111110111111111111111, sa_flags=SA_RESTART|SA_SIGINFO
SIGFPE: [libjvm.dylib+0x4605c4], sa_mask[0]=11111111011111110111111111111111, sa_flags=SA_RESTART|SA_SIGINFO
SIGPIPE: [libjvm.dylib+0x4605c4], sa_mask[0]=11111111011111110111111111111111, sa_flags=SA_RESTART|SA_SIGINFO
SIGXFSZ: [libjvm.dylib+0x4605c4], sa_mask[0]=11111111011111110111111111111111, sa_flags=SA_RESTART|SA_SIGINFO
SIGILL: [libjvm.dylib+0x4605c4], sa_mask[0]=11111111011111110111111111111111, sa_flags=SA_RESTART|SA_SIGINFO
SIGUSR1: SIG_DFL, sa_mask[0]=00000000000000000000000000000000, sa_flags=none
SIGUSR2: [libjvm.dylib+0x460ee8], sa_mask[0]=00100000000000000000000000000000, sa_flags=SA_RESTART|SA_SIGINFO
SIGHUP: [libjvm.dylib+0x45ee70], sa_mask[0]=11111111011111110111111111111111, sa_flags=SA_RESTART|SA_SIGINFO
SIGINT: [libjvm.dylib+0x45ee70], sa_mask[0]=11111111011111110111111111111111, sa_flags=SA_RESTART|SA_SIGINFO
SIGTERM: [libjvm.dylib+0x45ee70], sa_mask[0]=11111111011111110111111111111111, sa_flags=SA_RESTART|SA_SIGINFO
SIGQUIT: [libjvm.dylib+0x45ee70], sa_mask[0]=11111111011111110111111111111111, sa_flags=SA_RESTART|SA_SIGINFO


---------------  S Y S T E M  ---------------

OS:Bsduname:Darwin 22.3.0 Darwin Kernel Version 22.3.0: Mon Jan 30 20:39:35 PST 2023; root:xnu-8792.81.3~2/RELEASE_ARM64_T8103 arm64
rlimit: STACK 8176k, CORE 0k, NPROC 1333, NOFILE 10240, AS infinity
load average:1.73 2.24 2.40

CPU:total 8 (initial active 8) 0x61:0x0:0x1b588bb3:0, simd, crc, lse

Memory: 16k page, physical 8388608k(34528k free)

/proc/meminfo:


vm_info: OpenJDK 64-Bit Server VM (25.362-b09) for bsd-aarch64 JRE (Zulu 8.68.0.21-CA-macos-aarch64) (1.8.0_362-b09), built on Jan 19 2023 08:45:28 by "zulu_re" with gcc Apple LLVM 12.0.0 (clang-1200.0.32.28)

time: Wed Apr 19 12:39:50 2023
timezone: AEST
elapsed time: 52.495370 seconds (0d 0h 0m 52s)

