#
# A fatal error has been detected by the Java Runtime Environment:
#
#  SIGSEGV (0xb) at pc=0x0000000106f86adc, pid=20543, tid=0x0000000000000103
#
# JRE version: OpenJDK Runtime Environment (Zulu 8.68.0.21-CA-macos-aarch64) (8.0_362-b09) (build 1.8.0_362-b09)
# Java VM: OpenJDK 64-Bit Server VM (25.362-b09 mixed mode bsd-aarch64 compressed oops)
# Problematic frame:
# J 2783 C2 document.BasicDocument.<init>(Ljava/lang/String;)V (19 bytes) @ 0x0000000106f86adc [0x0000000106f86ac0+0x1c]
#
# Failed to write core dump. Core dumps have been disabled. To enable core dumping, try "ulimit -c unlimited" before starting Java again
#
# If you would like to submit a bug report, please visit:
#   http://www.azul.com/support/
#

---------------  T H R E A D  ---------------

Current thread (0x000000013006d800):  JavaThread "JavaFX Application Thread" [_thread_in_Java, id=259, stack(0x0000000169180000,0x000000016b180000)]

siginfo: si_signo: 11 (SIGSEGV), si_code: 2 (SEGV_ACCERR), si_addr: 0x000000016a983fc0

Registers:
 x0=0x00000007963db910  x1=0x00000007963db910  x2=0x000000079603f6a0  x3=0x000000013006d800
 x4=0x000000013006d800  x5=0x0000000796174938  x6=0x0000000101680000  x7=0x000000079603f6a0
 x8=0x0000000000000000  x9=0xfffffffffffb0000 x10=0x00000007963db910 x11=0x00000007963db928
x12=0x00000007963db8f8 x13=0x00000008000db048 x14=0x0000000000000000 x15=0x0007090000070a00
x16=0x00000001a92ead54 x17=0x00006000018e02a0 x18=0x0000000000000000 x19=0x00000000000000b7
x20=0x000000016b162620 x21=0x0000000106100110 x22=0x00000001131b431c x23=0x0000000106789e40
x24=0x000000016b162698 x25=0x000000016b179460 x26=0x000000011ebcc090 x27=0x0000000000000000
x28=0x000000013006d800  fp=0x000000016b162680  lr=0x0000000106f86bb4  sp=0x000000016a9d3fc0
pc=0x0000000106f86adc cpsr=0x0000000080001000
Top of Stack: (sp=0x000000016a9d3fc0)
0x000000016a9d3fc0:   00000007963db8e0 00000007963db8f8
0x000000016a9d3fd0:   00000007963db910 0000000000000000
0x000000016a9d3fe0:   0000000000000000 0000000000000000
0x000000016a9d3ff0:   000000016b162680 0000000106f86bb4
0x000000016a9d4000:   00000007963db8b0 00000007963db8c8
0x000000016a9d4010:   00000007963db8e0 0000000000000000
0x000000016a9d4020:   0000000000000000 0000000000000000
0x000000016a9d4030:   000000016b162680 0000000106f86bb4
0x000000016a9d4040:   00000007963db880 00000007963db898
0x000000016a9d4050:   00000007963db8b0 0000000000000000
0x000000016a9d4060:   0000000000000000 0000000000000000
0x000000016a9d4070:   000000016b162680 0000000106f86bb4
0x000000016a9d4080:   00000007963db850 00000007963db868
0x000000016a9d4090:   00000007963db880 0000000000000000
0x000000016a9d40a0:   0000000000000000 0000000000000000
0x000000016a9d40b0:   000000016b162680 0000000106f86bb4
0x000000016a9d40c0:   00000007963db820 00000007963db838
0x000000016a9d40d0:   00000007963db850 0000000000000000
0x000000016a9d40e0:   0000000000000000 0000000000000000
0x000000016a9d40f0:   000000016b162680 0000000106f86bb4
0x000000016a9d4100:   00000007963db7f0 00000007963db808
0x000000016a9d4110:   00000007963db820 0000000000000000
0x000000016a9d4120:   0000000000000000 0000000000000000
0x000000016a9d4130:   000000016b162680 0000000106f86bb4
0x000000016a9d4140:   00000007963db7c0 00000007963db7d8
0x000000016a9d4150:   00000007963db7f0 0000000000000000
0x000000016a9d4160:   0000000000000000 0000000000000000
0x000000016a9d4170:   000000016b162680 0000000106f86bb4
0x000000016a9d4180:   00000007963db790 00000007963db7a8
0x000000016a9d4190:   00000007963db7c0 0000000000000000
0x000000016a9d41a0:   0000000000000000 0000000000000000
0x000000016a9d41b0:   000000016b162680 0000000106f86bb4 

Instructions: (pc=0x0000000106f86adc)
0x0000000106f86abc:   d4207ce0 b9400828 6b08013f 54000040
0x0000000106f86acc:   17e0a3dd d503201f 929fffe9 f2bfff69
0x0000000106f86adc:   f8296bff d10103ff a9037bfd d349fc2a
0x0000000106f86aec:   d0fd37cb 382a797f d343fc4c f9403380 

Register to memory mapping:

 x0=0x00000007963db910 is an oop
document.BasicDocument 
 - klass: 'document/BasicDocument'
 x1=0x00000007963db910 is an oop
document.BasicDocument 
 - klass: 'document/BasicDocument'
 x2=0x000000079603f6a0 is an oop
java.lang.String 
 - klass: 'java/lang/String'
 x3=0x000000013006d800 is a thread
 x4=0x000000013006d800 is a thread
 x5=0x0000000796174938 is an oop
document.BasicDocument 
 - klass: 'document/BasicDocument'
 x6=0x0000000101680000 is an unknown value
 x7=0x000000079603f6a0 is an oop
java.lang.String 
 - klass: 'java/lang/String'
 x8=0x0000000000000000 is an unknown value
 x9=0xfffffffffffb0000 is an unknown value
x10=0x00000007963db910 is an oop
document.BasicDocument 
 - klass: 'document/BasicDocument'
x11=0x00000007963db928 is an oop

[error occurred during error reporting (printing register info), id 0xb]

Stack: [0x0000000169180000,0x000000016b180000],  sp=0x000000016a9d3fc0,  free space=24911k
Native frames: (J=compiled Java code, j=interpreted, Vv=VM code, C=native code)
J 2783 C2 document.BasicDocument.<init>(Ljava/lang/String;)V (19 bytes) @ 0x0000000106f86adc [0x0000000106f86ac0+0x1c]
J 2783 C2 document.BasicDocument.<init>(Ljava/lang/String;)V (19 bytes) @ 0x0000000106f86bb4 [0x0000000106f86ac0+0xf4]
J 2783 C2 document.BasicDocument.<init>(Ljava/lang/String;)V (19 bytes) @ 0x0000000106f86bb4 [0x0000000106f86ac0+0xf4]
J 2783 C2 document.BasicDocument.<init>(Ljava/lang/String;)V (19 bytes) @ 0x0000000106f86bb4 [0x0000000106f86ac0+0xf4]
J 2783 C2 document.BasicDocument.<init>(Ljava/lang/String;)V (19 bytes) @ 0x0000000106f86bb4 [0x0000000106f86ac0+0xf4]
J 2783 C2 document.BasicDocument.<init>(Ljava/lang/String;)V (19 bytes) @ 0x0000000106f86bb4 [0x0000000106f86ac0+0xf4]
J 2783 C2 document.BasicDocument.<init>(Ljava/lang/String;)V (19 bytes) @ 0x0000000106f86bb4 [0x0000000106f86ac0+0xf4]
J 2783 C2 document.BasicDocument.<init>(Ljava/lang/String;)V (19 bytes) @ 0x0000000106f86bb4 [0x0000000106f86ac0+0xf4]
J 2783 C2 document.BasicDocument.<init>(Ljava/lang/String;)V (19 bytes) @ 0x0000000106f86bb4 [0x0000000106f86ac0+0xf4]
J 2783 C2 document.BasicDocument.<init>(Ljava/lang/String;)V (19 bytes) @ 0x0000000106f86bb4 [0x0000000106f86ac0+0xf4]
J 2783 C2 document.BasicDocument.<init>(Ljava/lang/String;)V (19 bytes) @ 0x0000000106f86bb4 [0x0000000106f86ac0+0xf4]
J 2783 C2 document.BasicDocument.<init>(Ljava/lang/String;)V (19 bytes) @ 0x0000000106f86bb4 [0x0000000106f86ac0+0xf4]
J 2783 C2 document.BasicDocument.<init>(Ljava/lang/String;)V (19 bytes) @ 0x0000000106f86bb4 [0x0000000106f86ac0+0xf4]
J 2783 C2 document.BasicDocument.<init>(Ljava/lang/String;)V (19 bytes) @ 0x0000000106f86bb4 [0x0000000106f86ac0+0xf4]
J 2783 C2 document.BasicDocument.<init>(Ljava/lang/String;)V (19 bytes) @ 0x0000000106f86bb4 [0x0000000106f86ac0+0xf4]
J 2783 C2 document.BasicDocument.<init>(Ljava/lang/String;)V (19 bytes) @ 0x0000000106f86bb4 [0x0000000106f86ac0+0xf4]
J 2783 C2 document.BasicDocument.<init>(Ljava/lang/String;)V (19 bytes) @ 0x0000000106f86bb4 [0x0000000106f86ac0+0xf4]
J 2783 C2 document.BasicDocument.<init>(Ljava/lang/String;)V (19 bytes) @ 0x0000000106f86bb4 [0x0000000106f86ac0+0xf4]
J 2783 C2 document.BasicDocument.<init>(Ljava/lang/String;)V (19 bytes) @ 0x0000000106f86bb4 [0x0000000106f86ac0+0xf4]
J 2783 C2 document.BasicDocument.<init>(Ljava/lang/String;)V (19 bytes) @ 0x0000000106f86bb4 [0x0000000106f86ac0+0xf4]
J 2783 C2 document.BasicDocument.<init>(Ljava/lang/String;)V (19 bytes) @ 0x0000000106f86bb4 [0x0000000106f86ac0+0xf4]
J 2783 C2 document.BasicDocument.<init>(Ljava/lang/String;)V (19 bytes) @ 0x0000000106f86bb4 [0x0000000106f86ac0+0xf4]
J 2783 C2 document.BasicDocument.<init>(Ljava/lang/String;)V (19 bytes) @ 0x0000000106f86bb4 [0x0000000106f86ac0+0xf4]
J 2783 C2 document.BasicDocument.<init>(Ljava/lang/String;)V (19 bytes) @ 0x0000000106f86bb4 [0x0000000106f86ac0+0xf4]
J 2783 C2 document.BasicDocument.<init>(Ljava/lang/String;)V (19 bytes) @ 0x0000000106f86bb4 [0x0000000106f86ac0+0xf4]
J 2783 C2 document.BasicDocument.<init>(Ljava/lang/String;)V (19 bytes) @ 0x0000000106f86bb4 [0x0000000106f86ac0+0xf4]
J 2783 C2 document.BasicDocument.<init>(Ljava/lang/String;)V (19 bytes) @ 0x0000000106f86bb4 [0x0000000106f86ac0+0xf4]
J 2783 C2 document.BasicDocument.<init>(Ljava/lang/String;)V (19 bytes) @ 0x0000000106f86bb4 [0x0000000106f86ac0+0xf4]
J 2783 C2 document.BasicDocument.<init>(Ljava/lang/String;)V (19 bytes) @ 0x0000000106f86bb4 [0x0000000106f86ac0+0xf4]
J 2783 C2 document.BasicDocument.<init>(Ljava/lang/String;)V (19 bytes) @ 0x0000000106f86bb4 [0x0000000106f86ac0+0xf4]
J 2783 C2 document.BasicDocument.<init>(Ljava/lang/String;)V (19 bytes) @ 0x0000000106f86bb4 [0x0000000106f86ac0+0xf4]
J 2783 C2 document.BasicDocument.<init>(Ljava/lang/String;)V (19 bytes) @ 0x0000000106f86bb4 [0x0000000106f86ac0+0xf4]
J 2783 C2 document.BasicDocument.<init>(Ljava/lang/String;)V (19 bytes) @ 0x0000000106f86bb4 [0x0000000106f86ac0+0xf4]
J 2783 C2 document.BasicDocument.<init>(Ljava/lang/String;)V (19 bytes) @ 0x0000000106f86bb4 [0x0000000106f86ac0+0xf4]
J 2783 C2 document.BasicDocument.<init>(Ljava/lang/String;)V (19 bytes) @ 0x0000000106f86bb4 [0x0000000106f86ac0+0xf4]
J 2783 C2 document.BasicDocument.<init>(Ljava/lang/String;)V (19 bytes) @ 0x0000000106f86bb4 [0x0000000106f86ac0+0xf4]
J 2783 C2 document.BasicDocument.<init>(Ljava/lang/String;)V (19 bytes) @ 0x0000000106f86bb4 [0x0000000106f86ac0+0xf4]
J 2783 C2 document.BasicDocument.<init>(Ljava/lang/String;)V (19 bytes) @ 0x0000000106f86bb4 [0x0000000106f86ac0+0xf4]
J 2783 C2 document.BasicDocument.<init>(Ljava/lang/String;)V (19 bytes) @ 0x0000000106f86bb4 [0x0000000106f86ac0+0xf4]
J 2783 C2 document.BasicDocument.<init>(Ljava/lang/String;)V (19 bytes) @ 0x0000000106f86bb4 [0x0000000106f86ac0+0xf4]
J 2783 C2 document.BasicDocument.<init>(Ljava/lang/String;)V (19 bytes) @ 0x0000000106f86bb4 [0x0000000106f86ac0+0xf4]
J 2783 C2 document.BasicDocument.<init>(Ljava/lang/String;)V (19 bytes) @ 0x0000000106f86bb4 [0x0000000106f86ac0+0xf4]
J 2783 C2 document.BasicDocument.<init>(Ljava/lang/String;)V (19 bytes) @ 0x0000000106f86bb4 [0x0000000106f86ac0+0xf4]
J 2783 C2 document.BasicDocument.<init>(Ljava/lang/String;)V (19 bytes) @ 0x0000000106f86bb4 [0x0000000106f86ac0+0xf4]
J 2783 C2 document.BasicDocument.<init>(Ljava/lang/String;)V (19 bytes) @ 0x0000000106f86bb4 [0x0000000106f86ac0+0xf4]
J 2783 C2 document.BasicDocument.<init>(Ljava/lang/String;)V (19 bytes) @ 0x0000000106f86bb4 [0x0000000106f86ac0+0xf4]
J 2783 C2 document.BasicDocument.<init>(Ljava/lang/String;)V (19 bytes) @ 0x0000000106f86bb4 [0x0000000106f86ac0+0xf4]
J 2783 C2 document.BasicDocument.<init>(Ljava/lang/String;)V (19 bytes) @ 0x0000000106f86bb4 [0x0000000106f86ac0+0xf4]
J 2783 C2 document.BasicDocument.<init>(Ljava/lang/String;)V (19 bytes) @ 0x0000000106f86bb4 [0x0000000106f86ac0+0xf4]
J 2783 C2 document.BasicDocument.<init>(Ljava/lang/String;)V (19 bytes) @ 0x0000000106f86bb4 [0x0000000106f86ac0+0xf4]
J 2783 C2 document.BasicDocument.<init>(Ljava/lang/String;)V (19 bytes) @ 0x0000000106f86bb4 [0x0000000106f86ac0+0xf4]
J 2783 C2 document.BasicDocument.<init>(Ljava/lang/String;)V (19 bytes) @ 0x0000000106f86bb4 [0x0000000106f86ac0+0xf4]
J 2783 C2 document.BasicDocument.<init>(Ljava/lang/String;)V (19 bytes) @ 0x0000000106f86bb4 [0x0000000106f86ac0+0xf4]
J 2783 C2 document.BasicDocument.<init>(Ljava/lang/String;)V (19 bytes) @ 0x0000000106f86bb4 [0x0000000106f86ac0+0xf4]
J 2783 C2 document.BasicDocument.<init>(Ljava/lang/String;)V (19 bytes) @ 0x0000000106f86bb4 [0x0000000106f86ac0+0xf4]
J 2783 C2 document.BasicDocument.<init>(Ljava/lang/String;)V (19 bytes) @ 0x0000000106f86bb4 [0x0000000106f86ac0+0xf4]
J 2783 C2 document.BasicDocument.<init>(Ljava/lang/String;)V (19 bytes) @ 0x0000000106f86bb4 [0x0000000106f86ac0+0xf4]
J 2783 C2 document.BasicDocument.<init>(Ljava/lang/String;)V (19 bytes) @ 0x0000000106f86bb4 [0x0000000106f86ac0+0xf4]
J 2783 C2 document.BasicDocument.<init>(Ljava/lang/String;)V (19 bytes) @ 0x0000000106f86bb4 [0x0000000106f86ac0+0xf4]
J 2783 C2 document.BasicDocument.<init>(Ljava/lang/String;)V (19 bytes) @ 0x0000000106f86bb4 [0x0000000106f86ac0+0xf4]
J 2783 C2 document.BasicDocument.<init>(Ljava/lang/String;)V (19 bytes) @ 0x0000000106f86bb4 [0x0000000106f86ac0+0xf4]
J 2783 C2 document.BasicDocument.<init>(Ljava/lang/String;)V (19 bytes) @ 0x0000000106f86bb4 [0x0000000106f86ac0+0xf4]
J 2783 C2 document.BasicDocument.<init>(Ljava/lang/String;)V (19 bytes) @ 0x0000000106f86bb4 [0x0000000106f86ac0+0xf4]
J 2783 C2 document.BasicDocument.<init>(Ljava/lang/String;)V (19 bytes) @ 0x0000000106f86bb4 [0x0000000106f86ac0+0xf4]
J 2783 C2 document.BasicDocument.<init>(Ljava/lang/String;)V (19 bytes) @ 0x0000000106f86bb4 [0x0000000106f86ac0+0xf4]
J 2783 C2 document.BasicDocument.<init>(Ljava/lang/String;)V (19 bytes) @ 0x0000000106f86bb4 [0x0000000106f86ac0+0xf4]
J 2783 C2 document.BasicDocument.<init>(Ljava/lang/String;)V (19 bytes) @ 0x0000000106f86bb4 [0x0000000106f86ac0+0xf4]
J 2783 C2 document.BasicDocument.<init>(Ljava/lang/String;)V (19 bytes) @ 0x0000000106f86bb4 [0x0000000106f86ac0+0xf4]
J 2783 C2 document.BasicDocument.<init>(Ljava/lang/String;)V (19 bytes) @ 0x0000000106f86bb4 [0x0000000106f86ac0+0xf4]
J 2783 C2 document.BasicDocument.<init>(Ljava/lang/String;)V (19 bytes) @ 0x0000000106f86bb4 [0x0000000106f86ac0+0xf4]
J 2783 C2 document.BasicDocument.<init>(Ljava/lang/String;)V (19 bytes) @ 0x0000000106f86bb4 [0x0000000106f86ac0+0xf4]
J 2783 C2 document.BasicDocument.<init>(Ljava/lang/String;)V (19 bytes) @ 0x0000000106f86bb4 [0x0000000106f86ac0+0xf4]
J 2783 C2 document.BasicDocument.<init>(Ljava/lang/String;)V (19 bytes) @ 0x0000000106f86bb4 [0x0000000106f86ac0+0xf4]
J 2783 C2 document.BasicDocument.<init>(Ljava/lang/String;)V (19 bytes) @ 0x0000000106f86bb4 [0x0000000106f86ac0+0xf4]
J 2783 C2 document.BasicDocument.<init>(Ljava/lang/String;)V (19 bytes) @ 0x0000000106f86bb4 [0x0000000106f86ac0+0xf4]
J 2783 C2 document.BasicDocument.<init>(Ljava/lang/String;)V (19 bytes) @ 0x0000000106f86bb4 [0x0000000106f86ac0+0xf4]
J 2783 C2 document.BasicDocument.<init>(Ljava/lang/String;)V (19 bytes) @ 0x0000000106f86bb4 [0x0000000106f86ac0+0xf4]
J 2783 C2 document.BasicDocument.<init>(Ljava/lang/String;)V (19 bytes) @ 0x0000000106f86bb4 [0x0000000106f86ac0+0xf4]
J 2783 C2 document.BasicDocument.<init>(Ljava/lang/String;)V (19 bytes) @ 0x0000000106f86bb4 [0x0000000106f86ac0+0xf4]
J 2783 C2 document.BasicDocument.<init>(Ljava/lang/String;)V (19 bytes) @ 0x0000000106f86bb4 [0x0000000106f86ac0+0xf4]
J 2783 C2 document.BasicDocument.<init>(Ljava/lang/String;)V (19 bytes) @ 0x0000000106f86bb4 [0x0000000106f86ac0+0xf4]
J 2783 C2 document.BasicDocument.<init>(Ljava/lang/String;)V (19 bytes) @ 0x0000000106f86bb4 [0x0000000106f86ac0+0xf4]
J 2783 C2 document.BasicDocument.<init>(Ljava/lang/String;)V (19 bytes) @ 0x0000000106f86bb4 [0x0000000106f86ac0+0xf4]
J 2783 C2 document.BasicDocument.<init>(Ljava/lang/String;)V (19 bytes) @ 0x0000000106f86bb4 [0x0000000106f86ac0+0xf4]
J 2783 C2 document.BasicDocument.<init>(Ljava/lang/String;)V (19 bytes) @ 0x0000000106f86bb4 [0x0000000106f86ac0+0xf4]
J 2783 C2 document.BasicDocument.<init>(Ljava/lang/String;)V (19 bytes) @ 0x0000000106f86bb4 [0x0000000106f86ac0+0xf4]
J 2783 C2 document.BasicDocument.<init>(Ljava/lang/String;)V (19 bytes) @ 0x0000000106f86bb4 [0x0000000106f86ac0+0xf4]
J 2783 C2 document.BasicDocument.<init>(Ljava/lang/String;)V (19 bytes) @ 0x0000000106f86bb4 [0x0000000106f86ac0+0xf4]
J 2783 C2 document.BasicDocument.<init>(Ljava/lang/String;)V (19 bytes) @ 0x0000000106f86bb4 [0x0000000106f86ac0+0xf4]
J 2783 C2 document.BasicDocument.<init>(Ljava/lang/String;)V (19 bytes) @ 0x0000000106f86bb4 [0x0000000106f86ac0+0xf4]
J 2783 C2 document.BasicDocument.<init>(Ljava/lang/String;)V (19 bytes) @ 0x0000000106f86bb4 [0x0000000106f86ac0+0xf4]
J 2783 C2 document.BasicDocument.<init>(Ljava/lang/String;)V (19 bytes) @ 0x0000000106f86bb4 [0x0000000106f86ac0+0xf4]
J 2783 C2 document.BasicDocument.<init>(Ljava/lang/String;)V (19 bytes) @ 0x0000000106f86bb4 [0x0000000106f86ac0+0xf4]
J 2783 C2 document.BasicDocument.<init>(Ljava/lang/String;)V (19 bytes) @ 0x0000000106f86bb4 [0x0000000106f86ac0+0xf4]
J 2783 C2 document.BasicDocument.<init>(Ljava/lang/String;)V (19 bytes) @ 0x0000000106f86bb4 [0x0000000106f86ac0+0xf4]
J 2783 C2 document.BasicDocument.<init>(Ljava/lang/String;)V (19 bytes) @ 0x0000000106f86bb4 [0x0000000106f86ac0+0xf4]
J 2783 C2 document.BasicDocument.<init>(Ljava/lang/String;)V (19 bytes) @ 0x0000000106f86bb4 [0x0000000106f86ac0+0xf4]
J 2783 C2 document.BasicDocument.<init>(Ljava/lang/String;)V (19 bytes) @ 0x0000000106f86bb4 [0x0000000106f86ac0+0xf4]
J 2783 C2 document.BasicDocument.<init>(Ljava/lang/String;)V (19 bytes) @ 0x0000000106f86bb4 [0x0000000106f86ac0+0xf4]
J 2783 C2 document.BasicDocument.<init>(Ljava/lang/String;)V (19 bytes) @ 0x0000000106f86bb4 [0x0000000106f86ac0+0xf4]
...<more frames>...


---------------  P R O C E S S  ---------------

Java Threads: ( => current thread )
  0x000000012f2dc000 JavaThread "Prism Font Disposer" daemon [_thread_blocked, id=85771, stack(0x000000016e560000,0x000000016e763000)]
  0x000000011f16f800 JavaThread "JavaFX-Launcher" [_thread_blocked, id=48923, stack(0x000000016e354000,0x000000016e557000)]
  0x000000012f158000 JavaThread "PulseTimer-CVDisplayLink thread" daemon [_thread_in_native, id=48135, stack(0x000000016e030000,0x000000016e0b3000)]
=>0x000000013006d800 JavaThread "JavaFX Application Thread" [_thread_in_Java, id=259, stack(0x0000000169180000,0x000000016b180000)]
  0x000000011f160800 JavaThread "Thread-1" daemon [_thread_blocked, id=28427, stack(0x000000016de24000,0x000000016e027000)]
  0x0000000113898800 JavaThread "QuantumRenderer-0" daemon [_thread_blocked, id=32259, stack(0x000000016dc18000,0x000000016de1b000)]
  0x000000012f038000 JavaThread "Service Thread" daemon [_thread_blocked, id=32515, stack(0x000000016d800000,0x000000016da03000)]
  0x0000000130019000 JavaThread "C1 CompilerThread3" daemon [_thread_blocked, id=18691, stack(0x000000016d5f4000,0x000000016d7f7000)]
  0x000000012f842800 JavaThread "C2 CompilerThread2" daemon [_thread_blocked, id=18179, stack(0x000000016d3e8000,0x000000016d5eb000)]
  0x0000000130010800 JavaThread "C2 CompilerThread1" daemon [_thread_in_native, id=19203, stack(0x000000016d1dc000,0x000000016d3df000)]
  0x000000011f016000 JavaThread "C2 CompilerThread0" daemon [_thread_blocked, id=17667, stack(0x000000016cfd0000,0x000000016d1d3000)]
  0x000000013000e800 JavaThread "Monitor Ctrl-Break" daemon [_thread_in_native, id=19459, stack(0x000000016cdc4000,0x000000016cfc7000)]
  0x000000011384f000 JavaThread "Signal Dispatcher" daemon [_thread_blocked, id=17155, stack(0x000000016cbb8000,0x000000016cdbb000)]
  0x000000012f81e800 JavaThread "Finalizer" daemon [_thread_blocked, id=13827, stack(0x000000016c894000,0x000000016ca97000)]
  0x000000012f81c000 JavaThread "Reference Handler" daemon [_thread_blocked, id=12547, stack(0x000000016c688000,0x000000016c88b000)]
  0x000000012f009800 JavaThread "main" [_thread_blocked, id=3843, stack(0x000000016b210000,0x000000016b413000)]

Other Threads:
  0x0000000113830000 VMThread [stack: 0x000000016c47c000,0x000000016c67f000] [id=14083]
  0x000000012f038800 WatcherThread [stack: 0x000000016da0c000,0x000000016dc0f000] [id=22275]

VM state:not at safepoint (normal execution)

VM Mutex/Monitor currently owned by a thread: None

heap address: 0x0000000740000000, size: 2048 MB, Compressed Oops mode: Zero based, Oop shift amount: 3
Narrow klass base: 0x0000000800000000, Narrow klass shift: 0
Compressed class space size: 1073741824 Address: 0x0000000800000000

Heap:
 PSYoungGen      total 38400K, used 14952K [0x0000000795580000, 0x000000079a080000, 0x00000007c0000000)
  eden space 33280K, 44% used [0x0000000795580000,0x000000079641a090,0x0000000797600000)
  from space 5120K, 0% used [0x0000000797600000,0x0000000797600000,0x0000000797b00000)
  to   space 5120K, 0% used [0x0000000799b80000,0x0000000799b80000,0x000000079a080000)
 ParOldGen       total 61440K, used 6738K [0x0000000740000000, 0x0000000743c00000, 0x0000000795580000)
  object space 61440K, 10% used [0x0000000740000000,0x0000000740694890,0x0000000743c00000)
 Metaspace       used 20931K, capacity 22584K, committed 22656K, reserved 1069056K
  class space    used 3069K, capacity 3430K, committed 3456K, reserved 1048576K

Card table byte_map: [0x0000000105080000,0x0000000105484000] byte_map_base: 0x0000000101680000

Marking Bits: (ParMarkBitMap*) 0x00000001060fa178
 Begin Bits: [0x000000010e778000, 0x0000000110778000)
 End Bits:   [0x0000000110778000, 0x0000000112778000)

Polling page: 0x0000000104cec000

CodeCache: size=131072Kb used=8241Kb max_used=8254Kb free=122831Kb
 bounds [0x0000000106778000, 0x0000000106f98000, 0x000000010e778000]
 total_blobs=3430 nmethods=2783 adapters=563
 compilation: enabled

Compilation events (10 events):
Event: 3.300 Thread 0x0000000130019000 2779       1       com.sun.prism.paint.Color::getIntArgbPre (5 bytes)
Event: 3.300 Thread 0x0000000130019000 nmethod 2779 0x0000000106f82c50 code [0x0000000106f82d80, 0x0000000106f82e10]
Event: 3.301 Thread 0x000000012f842800 nmethod 2777 0x0000000106f88310 code [0x0000000106f884c0, 0x0000000106f88768]
Event: 3.373 Thread 0x0000000130010800 2780       4       javafx.scene.Node::getLocalBounds (162 bytes)
Event: 3.374 Thread 0x0000000130019000 2781       3       document.BasicDocument::<init> (19 bytes)
Event: 3.375 Thread 0x0000000130019000 nmethod 2781 0x0000000106f82450 code [0x0000000106f82600, 0x0000000106f82a28]
Event: 3.375 Thread 0x0000000130019000 2782       3       document.Document::<init> (10 bytes)
Event: 3.375 Thread 0x0000000130019000 nmethod 2782 0x0000000106f82090 code [0x0000000106f82200, 0x0000000106f82390]
Event: 3.375 Thread 0x000000011f016000 2783       4       document.BasicDocument::<init> (19 bytes)
Event: 3.377 Thread 0x000000011f016000 nmethod 2783 0x0000000106f86910 code [0x0000000106f86ac0, 0x0000000106f86ca8]

GC Heap History (8 events):
Event: 0.585 GC heap before
{Heap before GC invocations=1 (full 0):
 PSYoungGen      total 38400K, used 33280K [0x0000000795580000, 0x0000000798000000, 0x00000007c0000000)
  eden space 33280K, 100% used [0x0000000795580000,0x0000000797600000,0x0000000797600000)
  from space 5120K, 0% used [0x0000000797b00000,0x0000000797b00000,0x0000000798000000)
  to   space 5120K, 0% used [0x0000000797600000,0x0000000797600000,0x0000000797b00000)
 ParOldGen       total 87552K, used 0K [0x0000000740000000, 0x0000000745580000, 0x0000000795580000)
  object space 87552K, 0% used [0x0000000740000000,0x0000000740000000,0x0000000745580000)
 Metaspace       used 12754K, capacity 13182K, committed 13312K, reserved 1060864K
  class space    used 1630K, capacity 1791K, committed 1792K, reserved 1048576K
Event: 0.589 GC heap after
Heap after GC invocations=1 (full 0):
 PSYoungGen      total 38400K, used 5101K [0x0000000795580000, 0x0000000798000000, 0x00000007c0000000)
  eden space 33280K, 0% used [0x0000000795580000,0x0000000795580000,0x0000000797600000)
  from space 5120K, 99% used [0x0000000797600000,0x0000000797afb428,0x0000000797b00000)
  to   space 5120K, 0% used [0x0000000797b00000,0x0000000797b00000,0x0000000798000000)
 ParOldGen       total 87552K, used 1699K [0x0000000740000000, 0x0000000745580000, 0x0000000795580000)
  object space 87552K, 1% used [0x0000000740000000,0x00000007401a8dd0,0x0000000745580000)
 Metaspace       used 12754K, capacity 13182K, committed 13312K, reserved 1060864K
  class space    used 1630K, capacity 1791K, committed 1792K, reserved 1048576K
}
Event: 0.815 GC heap before
{Heap before GC invocations=2 (full 0):
 PSYoungGen      total 38400K, used 38381K [0x0000000795580000, 0x0000000798000000, 0x00000007c0000000)
  eden space 33280K, 100% used [0x0000000795580000,0x0000000797600000,0x0000000797600000)
  from space 5120K, 99% used [0x0000000797600000,0x0000000797afb428,0x0000000797b00000)
  to   space 5120K, 0% used [0x0000000797b00000,0x0000000797b00000,0x0000000798000000)
 ParOldGen       total 87552K, used 1699K [0x0000000740000000, 0x0000000745580000, 0x0000000795580000)
  object space 87552K, 1% used [0x0000000740000000,0x00000007401a8dd0,0x0000000745580000)
 Metaspace       used 17248K, capacity 18282K, committed 18432K, reserved 1064960K
  class space    used 2514K, capacity 2775K, committed 2816K, reserved 1048576K
Event: 0.817 GC heap after
Heap after GC invocations=2 (full 0):
 PSYoungGen      total 38400K, used 5108K [0x0000000795580000, 0x0000000798000000, 0x00000007c0000000)
  eden space 33280K, 0% used [0x0000000795580000,0x0000000795580000,0x0000000797600000)
  from space 5120K, 99% used [0x0000000797b00000,0x0000000797ffd260,0x0000000798000000)
  to   space 5120K, 0% used [0x0000000797600000,0x0000000797600000,0x0000000797b00000)
 ParOldGen       total 87552K, used 3351K [0x0000000740000000, 0x0000000745580000, 0x0000000795580000)
  object space 87552K, 3% used [0x0000000740000000,0x0000000740345ed0,0x0000000745580000)
 Metaspace       used 17248K, capacity 18282K, committed 18432K, reserved 1064960K
  class space    used 2514K, capacity 2775K, committed 2816K, reserved 1048576K
}
Event: 1.035 GC heap before
{Heap before GC invocations=3 (full 0):
 PSYoungGen      total 38400K, used 17409K [0x0000000795580000, 0x0000000798000000, 0x00000007c0000000)
  eden space 33280K, 36% used [0x0000000795580000,0x0000000796183460,0x0000000797600000)
  from space 5120K, 99% used [0x0000000797b00000,0x0000000797ffd260,0x0000000798000000)
  to   space 5120K, 0% used [0x0000000797600000,0x0000000797600000,0x0000000797b00000)
 ParOldGen       total 87552K, used 3351K [0x0000000740000000, 0x0000000745580000, 0x0000000795580000)
  object space 87552K, 3% used [0x0000000740000000,0x0000000740345ed0,0x0000000745580000)
 Metaspace       used 19647K, capacity 21178K, committed 21248K, reserved 1067008K
  class space    used 2970K, capacity 3313K, committed 3328K, reserved 1048576K
Event: 1.038 GC heap after
Heap after GC invocations=3 (full 0):
 PSYoungGen      total 38400K, used 5104K [0x0000000795580000, 0x000000079a080000, 0x00000007c0000000)
  eden space 33280K, 0% used [0x0000000795580000,0x0000000795580000,0x0000000797600000)
  from space 5120K, 99% used [0x0000000797600000,0x0000000797afc030,0x0000000797b00000)
  to   space 5120K, 0% used [0x0000000799b80000,0x0000000799b80000,0x000000079a080000)
 ParOldGen       total 87552K, used 5061K [0x0000000740000000, 0x0000000745580000, 0x0000000795580000)
  object space 87552K, 5% used [0x0000000740000000,0x00000007404f1540,0x0000000745580000)
 Metaspace       used 19647K, capacity 21178K, committed 21248K, reserved 1067008K
  class space    used 2970K, capacity 3313K, committed 3328K, reserved 1048576K
}
Event: 1.038 GC heap before
{Heap before GC invocations=4 (full 1):
 PSYoungGen      total 38400K, used 5104K [0x0000000795580000, 0x000000079a080000, 0x00000007c0000000)
  eden space 33280K, 0% used [0x0000000795580000,0x0000000795580000,0x0000000797600000)
  from space 5120K, 99% used [0x0000000797600000,0x0000000797afc030,0x0000000797b00000)
  to   space 5120K, 0% used [0x0000000799b80000,0x0000000799b80000,0x000000079a080000)
 ParOldGen       total 87552K, used 5061K [0x0000000740000000, 0x0000000745580000, 0x0000000795580000)
  object space 87552K, 5% used [0x0000000740000000,0x00000007404f1540,0x0000000745580000)
 Metaspace       used 19647K, capacity 21178K, committed 21248K, reserved 1067008K
  class space    used 2970K, capacity 3313K, committed 3328K, reserved 1048576K
Event: 1.053 GC heap after
Heap after GC invocations=4 (full 1):
 PSYoungGen      total 38400K, used 0K [0x0000000795580000, 0x000000079a080000, 0x00000007c0000000)
  eden space 33280K, 0% used [0x0000000795580000,0x0000000795580000,0x0000000797600000)
  from space 5120K, 0% used [0x0000000797600000,0x0000000797600000,0x0000000797b00000)
  to   space 5120K, 0% used [0x0000000799b80000,0x0000000799b80000,0x000000079a080000)
 ParOldGen       total 61440K, used 6738K [0x0000000740000000, 0x0000000743c00000, 0x0000000795580000)
  object space 61440K, 10% used [0x0000000740000000,0x0000000740694890,0x0000000743c00000)
 Metaspace       used 19647K, capacity 21178K, committed 21248K, reserved 1067008K
  class space    used 2970K, capacity 3313K, committed 3328K, reserved 1048576K
}

Deoptimization events (10 events):
Event: 0.850 Thread 0x000000013006d800 Uncommon trap: reason=unstable_if action=reinterpret pc=0x0000000106b637a0 method=java.lang.ClassLoader.checkName(Ljava/lang/String;)Z @ 20
Event: 0.855 Thread 0x000000013006d800 Uncommon trap: reason=class_check action=maybe_recompile pc=0x0000000106c0a284 method=javafx.beans.property.ObjectPropertyBase.get()Ljava/lang/Object; @ 23
Event: 0.933 Thread 0x000000013006d800 Uncommon trap: reason=unstable_if action=reinterpret pc=0x000000010697f4d0 method=java.lang.CharacterData.of(I)Ljava/lang/CharacterData; @ 4
Event: 0.959 Thread 0x000000013006d800 Uncommon trap: reason=class_check action=maybe_recompile pc=0x0000000106c0a284 method=javafx.beans.property.ObjectPropertyBase.get()Ljava/lang/Object; @ 23
Event: 0.960 Thread 0x000000013006d800 Uncommon trap: reason=class_check action=maybe_recompile pc=0x0000000106c0a284 method=javafx.beans.property.ObjectPropertyBase.get()Ljava/lang/Object; @ 23
Event: 0.960 Thread 0x000000013006d800 Uncommon trap: reason=class_check action=maybe_recompile pc=0x0000000106c0a284 method=javafx.beans.property.ObjectPropertyBase.get()Ljava/lang/Object; @ 23
Event: 1.032 Thread 0x0000000113898800 Uncommon trap: reason=unstable_if action=reinterpret pc=0x00000001069ca01c method=sun.net.www.ParseUtil.encodePath(Ljava/lang/String;Z)Ljava/lang/String; @ 109
Event: 1.035 Thread 0x000000013006d800 Uncommon trap: reason=unstable_if action=reinterpret pc=0x0000000106bc9694 method=jdk.internal.org.objectweb.asm.Type.getArgumentsAndReturnSizes(Ljava/lang/String;)I @ 47
Event: 1.402 Thread 0x000000013006d800 Uncommon trap: reason=unstable_if action=reinterpret pc=0x0000000106ba5db4 method=jdk.internal.org.objectweb.asm.Item.isEqualTo(Ljdk/internal/org/objectweb/asm/Item;)Z @ 331
Event: 2.001 Thread 0x000000013006d800 Uncommon trap: reason=unstable_if action=reinterpret pc=0x0000000106d35854 method=javafx.scene.Node.updateLocalToParentTransform()V @ 4

Classes redefined (0 events):
No events

Internal exceptions (10 events):
Event: 0.820 Thread 0x000000013006d800 Exception <a 'java/lang/NoSuchMethodError': java.lang.Object.lambda$null$15(Ljava/util/function/BiConsumer;Ljava/util/function/BiConsumer;Ljava/lang/Object;Ljavafx/event/Event;)V> (0x00000007955defa8) thrown at [/Users/tester/jenkins/workspace/zulu-platfo
Event: 0.820 Thread 0x000000013006d800 Exception <a 'java/lang/NoSuchMethodError': java.lang.Object.lambda$null$19(Ljava/util/function/BiConsumer;Ljava/util/function/BiConsumer;Ljava/lang/Object;Ljavafx/event/Event;)V> (0x00000007955e3530) thrown at [/Users/tester/jenkins/workspace/zulu-platfo
Event: 0.820 Thread 0x000000013006d800 Exception <a 'java/lang/NoSuchMethodError': java.lang.Object.lambda$bind$14(Ljava/util/function/BiConsumer;Ljava/lang/Object;Ljavafx/event/Event;)V> (0x00000007955e6be8) thrown at [/Users/tester/jenkins/workspace/zulu-platform-build/zulu-src.git/hotspot/s
Event: 0.994 Thread 0x000000013006d800 Exception <a 'java/lang/NoSuchMethodError': java.lang.Object.lambda$asListChange$118()Ljava/util/List;> (0x0000000795d961a0) thrown at [/Users/tester/jenkins/workspace/zulu-platform-build/zulu-src.git/hotspot/src/share/vm/interpreter/linkResolver.cpp, lin
Event: 0.995 Thread 0x000000013006d800 Exception <a 'java/lang/IncompatibleClassChangeError': Found class java.lang.Object, but interface was expected> (0x0000000795dbad90) thrown at [/Users/tester/jenkins/workspace/zulu-platform-build/zulu-src.git/hotspot/src/share/vm/interpreter/linkResolver
Event: 0.996 Thread 0x000000013006d800 Exception <a 'java/lang/NoSuchMethodError': java.lang.Object.lambda$instantiate$117(Lorg/reactfx/collection/QuasiListChange;Ljavafx/collections/ObservableList;)Ljava/util/List;> (0x0000000795deffc0) thrown at [/Users/tester/jenkins/workspace/zulu-platform
Event: 0.996 Thread 0x000000013006d800 Exception <a 'java/lang/NoSuchMethodError': java.lang.Object.lambda$null$116(Ljavafx/collections/ObservableList;Lorg/reactfx/collection/QuasiListModification;)Lorg/reactfx/collection/ListModification;> (0x0000000795df4540) thrown at [/Users/tester/jenkins
Event: 1.008 Thread 0x000000013006d800 Exception <a 'java/lang/NoSuchMethodError': java.lang.Object.lambda$minYProperty$2(Ljava/lang/Number;Ljavafx/geometry/Bounds;)Ljava/lang/Double;> (0x0000000795f45a88) thrown at [/Users/tester/jenkins/workspace/zulu-platform-build/zulu-src.git/hotspot/src/
Event: 1.396 Thread 0x000000013006d800 Exception <a 'java/lang/NoSuchMethodError': java.lang.Object.lambda$static$133()V> (0x000000079560ada8) thrown at [/Users/tester/jenkins/workspace/zulu-platform-build/zulu-src.git/hotspot/src/share/vm/interpreter/linkResolver.cpp, line 620]
Event: 1.985 Thread 0x000000013006d800 Exception <a 'java/lang/NoSuchMethodError': java.lang.Object.lambda$null$1(Ljava/util/function/Predicate;Ljavafx/event/Event;)Ljavafx/event/Event;> (0x0000000795c9bfe0) thrown at [/Users/tester/jenkins/workspace/zulu-platform-build/zulu-src.git/hotspot/sr

Events (10 events):
Event: 2.246 Executing VM operation: ForceSafepoint
Event: 2.246 Executing VM operation: ForceSafepoint done
Event: 2.488 Executing VM operation: ForceSafepoint
Event: 2.488 Executing VM operation: ForceSafepoint done
Event: 3.056 Executing VM operation: ForceSafepoint
Event: 3.056 Executing VM operation: ForceSafepoint done
Event: 3.291 loading class org/reactfx/value/ConstVal
Event: 3.291 loading class org/reactfx/value/ConstVal done
Event: 3.292 loading class javafx/scene/control/TextInputControl$TextInputControlFromatterAccessor
Event: 3.292 loading class javafx/scene/control/TextInputControl$TextInputControlFromatterAccessor done


Dynamic libraries:
0x00000001c07f0000 	/System/Library/Frameworks/Cocoa.framework/Versions/A/Cocoa
0x00000001ac614000 	/System/Library/Frameworks/AppKit.framework/Versions/C/AppKit
0x00000001aefbc000 	/System/Library/Frameworks/CoreData.framework/Versions/A/CoreData
0x00000001aa275000 	/System/Library/Frameworks/Foundation.framework/Versions/C/Foundation
0x00000001b49a0000 	/usr/lib/libSystem.B.dylib
0x00000001ad520000 	/System/Library/PrivateFrameworks/UIFoundation.framework/Versions/A/UIFoundation
0x0000000215aa5000 	/System/Library/PrivateFrameworks/CollectionViewCore.framework/Versions/A/CollectionViewCore
0x00000001bac5c000 	/System/Library/PrivateFrameworks/RemoteViewServices.framework/Versions/A/RemoteViewServices
0x00000001b2dc2000 	/System/Library/PrivateFrameworks/XCTTargetBootstrap.framework/Versions/A/XCTTargetBootstrap
0x00000001b6736000 	/System/Library/PrivateFrameworks/InternationalSupport.framework/Versions/A/InternationalSupport
0x00000001b67bd000 	/System/Library/PrivateFrameworks/UserActivity.framework/Versions/A/UserActivity
0x000000022ccbe000 	/System/Library/PrivateFrameworks/WindowManagement.framework/Versions/A/WindowManagement
0x00000001a9f3e000 	/System/Library/Frameworks/SystemConfiguration.framework/Versions/A/SystemConfiguration
0x00000001b5c3a000 	/usr/lib/libspindump.dylib
0x00000001ad6c6000 	/System/Library/Frameworks/UniformTypeIdentifiers.framework/Versions/A/UniformTypeIdentifiers
0x00000001b10d5000 	/usr/lib/libapp_launch_measurement.dylib
0x00000001b0583000 	/System/Library/PrivateFrameworks/CoreAnalytics.framework/Versions/A/CoreAnalytics
0x00000001b10dc000 	/System/Library/PrivateFrameworks/CoreAutoLayout.framework/Versions/A/CoreAutoLayout
0x00000001b25d0000 	/System/Library/Frameworks/Metal.framework/Versions/A/Metal
0x00000001b3521000 	/usr/lib/liblangid.dylib
0x00000001b2dc8000 	/System/Library/PrivateFrameworks/CoreSVG.framework/Versions/A/CoreSVG
0x00000001adfee000 	/System/Library/PrivateFrameworks/SkyLight.framework/Versions/A/SkyLight
0x00000001ae406000 	/System/Library/Frameworks/CoreGraphics.framework/Versions/A/CoreGraphics
0x00000001bb327000 	/System/Library/Frameworks/Accelerate.framework/Versions/A/Accelerate
0x00000001b56a8000 	/System/Library/PrivateFrameworks/IconServices.framework/Versions/A/IconServices
0x00000001b25b0000 	/System/Library/Frameworks/IOSurface.framework/Versions/A/IOSurface
0x00000001b05b1000 	/usr/lib/libDiagnosticMessagesClient.dylib
0x00000001b48e6000 	/usr/lib/libz.1.dylib
0x00000001be5c3000 	/System/Library/Frameworks/ApplicationServices.framework/Versions/A/ApplicationServices
0x00000001b2daa000 	/System/Library/PrivateFrameworks/DFRFoundation.framework/Versions/A/DFRFoundation
0x00000001abe92000 	/usr/lib/libicucore.A.dylib
0x00000001b76c7000 	/System/Library/Frameworks/AudioToolbox.framework/Versions/A/AudioToolbox
0x00000001b6741000 	/System/Library/PrivateFrameworks/DataDetectorsCore.framework/Versions/A/DataDetectorsCore
0x00000001cd8cf000 	/System/Library/PrivateFrameworks/TextInput.framework/Versions/A/TextInput
0x00000001adf53000 	/usr/lib/libMobileGestalt.dylib
0x00000001b2a76000 	/System/Library/Frameworks/Carbon.framework/Versions/A/Frameworks/HIToolbox.framework/Versions/A/HIToolbox
0x00000001b0a5c000 	/System/Library/Frameworks/QuartzCore.framework/Versions/A/QuartzCore
0x00000001abaed000 	/System/Library/Frameworks/Security.framework/Versions/A/Security
0x00000001bac9c000 	/System/Library/Frameworks/Carbon.framework/Versions/A/Frameworks/SpeechRecognition.framework/Versions/A/SpeechRecognition
0x00000001b0e14000 	/System/Library/PrivateFrameworks/CoreUI.framework/Versions/A/CoreUI
0x00000001ab3e5000 	/System/Library/Frameworks/CoreAudio.framework/Versions/A/CoreAudio
0x00000001b068d000 	/System/Library/Frameworks/DiskArbitration.framework/Versions/A/DiskArbitration
0x00000001b606e000 	/System/Library/PrivateFrameworks/MultitouchSupport.framework/Versions/A/MultitouchSupport
0x00000001adf51000 	/usr/lib/libenergytrace.dylib
0x00000001ac4d7000 	/System/Library/Frameworks/IOKit.framework/Versions/A/IOKit
0x00000001bb083000 	/System/Library/Frameworks/CoreServices.framework/Versions/A/CoreServices
0x00000001b1062000 	/System/Library/PrivateFrameworks/PerformanceAnalysis.framework/Versions/A/PerformanceAnalysis
0x00000001f882f000 	/System/Library/Frameworks/OpenGL.framework/Versions/A/OpenGL
0x00000001b1126000 	/usr/lib/libxml2.2.dylib
0x00000001b3ef5000 	/System/Library/PrivateFrameworks/MobileKeyBag.framework/Versions/A/MobileKeyBag
0x00000001a8f74000 	/usr/lib/libobjc.A.dylib
0x00000001a922a000 	/usr/lib/libc++.1.dylib
0x00000001aea51000 	/System/Library/Frameworks/ColorSync.framework/Versions/A/ColorSync
0x00000001a9348000 	/System/Library/Frameworks/CoreFoundation.framework/Versions/A/CoreFoundation
0x00000001b3142000 	/System/Library/Frameworks/CoreImage.framework/Versions/A/CoreImage
0x00000001ab206000 	/System/Library/Frameworks/CoreText.framework/Versions/A/CoreText
0x00000001b2e01000 	/System/Library/Frameworks/ImageIO.framework/Versions/A/ImageIO
0x00000001b49a6000 	/System/Library/PrivateFrameworks/SoftLinking.framework/Versions/A/SoftLinking
0x00000001b4c3a000 	/usr/lib/libcompression.dylib
0x00000001b6692000 	/System/Library/PrivateFrameworks/TextureIO.framework/Versions/A/TextureIO
0x00000001b537a000 	/usr/lib/libate.dylib
0x00000001b499a000 	/usr/lib/system/libcache.dylib
0x00000001b4953000 	/usr/lib/system/libcommonCrypto.dylib
0x00000001b4981000 	/usr/lib/system/libcompiler_rt.dylib
0x00000001b4977000 	/usr/lib/system/libcopyfile.dylib
0x00000001a90a8000 	/usr/lib/system/libcorecrypto.dylib
0x00000001a915e000 	/usr/lib/system/libdispatch.dylib
0x00000001a92f0000 	/usr/lib/system/libdyld.dylib
0x00000001b4990000 	/usr/lib/system/libkeymgr.dylib
0x00000001b4931000 	/usr/lib/system/libmacho.dylib
0x00000001b3fef000 	/usr/lib/system/libquarantine.dylib
0x00000001b498d000 	/usr/lib/system/libremovefile.dylib
0x00000001adfb8000 	/usr/lib/system/libsystem_asl.dylib
0x00000001a9045000 	/usr/lib/system/libsystem_blocks.dylib
0x00000001a91a9000 	/usr/lib/system/libsystem_c.dylib
0x00000001b4985000 	/usr/lib/system/libsystem_collections.dylib
0x00000001b350f000 	/usr/lib/system/libsystem_configuration.dylib
0x00000001b257e000 	/usr/lib/system/libsystem_containermanager.dylib
0x00000001b4630000 	/usr/lib/system/libsystem_coreservices.dylib
0x00000001ac149000 	/usr/lib/system/libsystem_darwin.dylib
0x00000001b4991000 	/usr/lib/system/libsystem_dnssd.dylib
0x00000001a91a6000 	/usr/lib/system/libsystem_featureflags.dylib
0x00000001a931c000 	/usr/lib/system/libsystem_info.dylib
0x00000001b48f8000 	/usr/lib/system/libsystem_m.dylib
0x00000001a9132000 	/usr/lib/system/libsystem_malloc.dylib
0x00000001adf38000 	/usr/lib/system/libsystem_networkextension.dylib
0x00000001ac5b3000 	/usr/lib/system/libsystem_notify.dylib
0x00000001b3514000 	/usr/lib/system/libsystem_sandbox.dylib
0x00000001b498a000 	/usr/lib/system/libsystem_secinit.dylib
0x00000001a92a9000 	/usr/lib/system/libsystem_kernel.dylib
0x00000001a9314000 	/usr/lib/system/libsystem_platform.dylib
0x00000001a92e3000 	/usr/lib/system/libsystem_pthread.dylib
0x00000001af78d000 	/usr/lib/system/libsystem_symptoms.dylib
0x00000001a908e000 	/usr/lib/system/libsystem_trace.dylib
0x00000001b4964000 	/usr/lib/system/libunwind.dylib
0x00000001a904a000 	/usr/lib/system/libxpc.dylib
0x00000001a9291000 	/usr/lib/libc++abi.dylib
0x00000001b496f000 	/usr/lib/liboah.dylib
0x00000001b5237000 	/usr/lib/liblzma.5.dylib
0x00000001b49a2000 	/usr/lib/libfakelink.dylib
0x00000001adb76000 	/System/Library/Frameworks/CFNetwork.framework/Versions/A/CFNetwork
0x00000001b4ae1000 	/usr/lib/libarchive.2.dylib
0x00000001b8fd6000 	/System/Library/Frameworks/Combine.framework/Versions/A/Combine
0x00000001b7091000 	/usr/lib/swift/libswiftCore.dylib
0x00000001ca9a4000 	/usr/lib/swift/libswiftCoreFoundation.dylib
0x00000001c8861000 	/usr/lib/swift/libswiftDarwin.dylib
0x00000001bc59c000 	/usr/lib/swift/libswiftDispatch.dylib
0x00000001ca9c5000 	/usr/lib/swift/libswiftIOKit.dylib
0x00000001be9ee000 	/usr/lib/swift/libswiftObjectiveC.dylib
0x00000001ca9b8000 	/usr/lib/swift/libswiftXPC.dylib
0x00000002334f6000 	/usr/lib/swift/libswift_Concurrency.dylib
0x0000000233648000 	/usr/lib/swift/libswift_StringProcessing.dylib
0x00000001be9f2000 	/usr/lib/swift/libswiftos.dylib
0x00000001ac45c000 	/System/Library/PrivateFrameworks/CoreServicesInternal.framework/Versions/A/CoreServicesInternal
0x00000001b401a000 	/usr/lib/libbsm.0.dylib
0x00000001b4937000 	/usr/lib/system/libkxld.dylib
0x00000001b109e000 	/System/Library/Frameworks/CoreServices.framework/Versions/A/Frameworks/FSEvents.framework/Versions/A/FSEvents
0x00000001ac154000 	/System/Library/Frameworks/CoreServices.framework/Versions/A/Frameworks/CarbonCore.framework/Versions/A/CarbonCore
0x00000001b05f4000 	/System/Library/Frameworks/CoreServices.framework/Versions/A/Frameworks/Metadata.framework/Versions/A/Metadata
0x00000001b4636000 	/System/Library/Frameworks/CoreServices.framework/Versions/A/Frameworks/OSServices.framework/Versions/A/OSServices
0x00000001b4b68000 	/System/Library/Frameworks/CoreServices.framework/Versions/A/Frameworks/SearchKit.framework/Versions/A/SearchKit
0x00000001af710000 	/System/Library/Frameworks/CoreServices.framework/Versions/A/Frameworks/AE.framework/Versions/A/AE
0x00000001a9820000 	/System/Library/Frameworks/CoreServices.framework/Versions/A/Frameworks/LaunchServices.framework/Versions/A/LaunchServices
0x00000001b51e0000 	/System/Library/Frameworks/CoreServices.framework/Versions/A/Frameworks/DictionaryServices.framework/Versions/A/DictionaryServices
0x00000001b10ab000 	/System/Library/Frameworks/CoreServices.framework/Versions/A/Frameworks/SharedFileList.framework/Versions/A/SharedFileList
0x00000001b4c07000 	/usr/lib/libapple_nghttp2.dylib
0x00000001adb72000 	/usr/lib/libnetwork.dylib
0x00000001af394000 	/usr/lib/libsqlite3.dylib
0x00000001af796000 	/System/Library/Frameworks/Network.framework/Versions/A/Network
0x0000000232643000 	/usr/lib/libCoreEntitlements.dylib
0x000000021f0b0000 	/System/Library/PrivateFrameworks/MessageSecurity.framework/Versions/A/MessageSecurity
0x00000001af37a000 	/System/Library/PrivateFrameworks/ProtocolBuffer.framework/Versions/A/ProtocolBuffer
0x00000001b4612000 	/System/Library/PrivateFrameworks/AppleFSCompression.framework/Versions/A/AppleFSCompression
0x00000001b4002000 	/usr/lib/libcoretls.dylib
0x00000001b5250000 	/usr/lib/libcoretls_cfhelpers.dylib
0x00000001b4c34000 	/usr/lib/libpam.2.dylib
0x00000001b52b8000 	/usr/lib/libxar.1.dylib
0x00000001b5683000 	/usr/lib/libheimdal-asn1.dylib
0x00000001b49a7000 	/usr/lib/libpcap.A.dylib
0x00000001af783000 	/usr/lib/libdns_services.dylib
0x00000001b351c000 	/System/Library/PrivateFrameworks/AppleSystemInfo.framework/Versions/A/AppleSystemInfo
0x00000001b3cf6000 	/System/Library/PrivateFrameworks/IOMobileFramebuffer.framework/Versions/A/IOMobileFramebuffer
0x00000001b4623000 	/usr/lib/libbz2.1.0.dylib
0x00000001b3ff2000 	/usr/lib/libCheckFix.dylib
0x00000001adfd0000 	/System/Library/PrivateFrameworks/TCC.framework/Versions/A/TCC
0x00000001b3523000 	/System/Library/PrivateFrameworks/CoreNLP.framework/Versions/A/CoreNLP
0x00000001b05b3000 	/System/Library/PrivateFrameworks/MetadataUtilities.framework/Versions/A/MetadataUtilities
0x00000001b402b000 	/usr/lib/libmecab.dylib
0x00000001a9fc8000 	/usr/lib/libCRFSuite.dylib
0x00000001b4088000 	/usr/lib/libgermantok.dylib
0x00000001b4be0000 	/usr/lib/libThaiTokenizer.dylib
0x00000001b0696000 	/System/Library/Frameworks/Accelerate.framework/Versions/A/Frameworks/vImage.framework/Versions/A/vImage
0x00000001bb05a000 	/System/Library/Frameworks/Accelerate.framework/Versions/A/Frameworks/vecLib.framework/Versions/A/vecLib
0x00000001b52fe000 	/System/Library/Frameworks/Accelerate.framework/Versions/A/Frameworks/vecLib.framework/Versions/A/libvMisc.dylib
0x00000001b3bf6000 	/System/Library/Frameworks/Accelerate.framework/Versions/A/Frameworks/vecLib.framework/Versions/A/libvDSP.dylib
0x00000001a9bd4000 	/System/Library/Frameworks/Accelerate.framework/Versions/A/Frameworks/vecLib.framework/Versions/A/libBLAS.dylib
0x00000001b4d0c000 	/System/Library/Frameworks/Accelerate.framework/Versions/A/Frameworks/vecLib.framework/Versions/A/libLAPACK.dylib
0x00000001b408b000 	/System/Library/Frameworks/Accelerate.framework/Versions/A/Frameworks/vecLib.framework/Versions/A/libLinearAlgebra.dylib
0x00000001b4c1f000 	/System/Library/Frameworks/Accelerate.framework/Versions/A/Frameworks/vecLib.framework/Versions/A/libSparseBLAS.dylib
0x00000001b4d07000 	/System/Library/Frameworks/Accelerate.framework/Versions/A/Frameworks/vecLib.framework/Versions/A/libQuadrature.dylib
0x00000001b361c000 	/System/Library/Frameworks/Accelerate.framework/Versions/A/Frameworks/vecLib.framework/Versions/A/libBNNS.dylib
0x00000001a9ed7000 	/System/Library/Frameworks/Accelerate.framework/Versions/A/Frameworks/vecLib.framework/Versions/A/libSparse.dylib
0x000000021e3e6000 	/System/Library/PrivateFrameworks/MIL.framework/Versions/A/MIL
0x00000001b49dc000 	/usr/lib/libiconv.2.dylib
0x00000001b4930000 	/usr/lib/libcharset.1.dylib
0x00000001b107e000 	/System/Library/Frameworks/OpenDirectory.framework/Versions/A/Frameworks/CFOpenDirectory.framework/Versions/A/CFOpenDirectory
0x00000001b106e000 	/System/Library/Frameworks/OpenDirectory.framework/Versions/A/OpenDirectory
0x00000001b5252000 	/System/Library/PrivateFrameworks/APFS.framework/Versions/A/APFS
0x00000001b3f2c000 	/System/Library/Frameworks/SecurityFoundation.framework/Versions/A/SecurityFoundation
0x00000001b52c7000 	/usr/lib/libutil.dylib
0x000000021d45b000 	/System/Library/PrivateFrameworks/InstalledContentLibrary.framework/Versions/A/InstalledContentLibrary
0x00000001ac49a000 	/System/Library/PrivateFrameworks/CoreServicesStore.framework/Versions/A/CoreServicesStore
0x0000000214456000 	/System/Library/PrivateFrameworks/AppleMobileFileIntegrity.framework/Versions/A/AppleMobileFileIntegrity
0x00000001ca983000 	/usr/lib/libmis.dylib
0x00000001d88e4000 	/System/Library/PrivateFrameworks/MobileSystemServices.framework/Versions/A/MobileSystemServices
0x00000001f3121000 	/System/Library/PrivateFrameworks/ConfigProfileHelper.framework/Versions/A/ConfigProfileHelper
0x00000001b4be2000 	/System/Library/PrivateFrameworks/AppleSauce.framework/Versions/A/AppleSauce
0x00000001aacaf000 	/System/Library/PrivateFrameworks/LanguageModeling.framework/Versions/A/LanguageModeling
0x00000001b52cb000 	/usr/lib/libxslt.1.dylib
0x00000001b4acf000 	/usr/lib/libcmph.dylib
0x00000001b3ce3000 	/System/Library/PrivateFrameworks/CoreEmoji.framework/Versions/A/CoreEmoji
0x00000001b3616000 	/System/Library/PrivateFrameworks/LinguisticData.framework/Versions/A/LinguisticData
0x00000001a9e8f000 	/System/Library/PrivateFrameworks/Lexicon.framework/Versions/A/Lexicon
0x00000001b3fbf000 	/System/Library/PrivateFrameworks/BackgroundTaskManagement.framework/Versions/A/BackgroundTaskManagement
0x00000002327e6000 	/usr/lib/libTLE.dylib
0x0000000233593000 	/usr/lib/swift/libswift_RegexParser.dylib
0x00000001b5f33000 	/System/Library/PrivateFrameworks/AppleJPEG.framework/Versions/A/AppleJPEG
0x00000001b5668000 	/usr/lib/libexpat.1.dylib
0x00000001b64f4000 	/System/Library/Frameworks/ImageIO.framework/Versions/A/Resources/libPng.dylib
0x00000001b651f000 	/System/Library/Frameworks/ImageIO.framework/Versions/A/Resources/libTIFF.dylib
0x00000001b6608000 	/System/Library/Frameworks/ImageIO.framework/Versions/A/Resources/libGIF.dylib
0x00000001b5f78000 	/System/Library/Frameworks/ImageIO.framework/Versions/A/Resources/libJP2.dylib
0x00000001b65ac000 	/System/Library/Frameworks/ImageIO.framework/Versions/A/Resources/libJPEG.dylib
0x00000001b65a3000 	/System/Library/Frameworks/ImageIO.framework/Versions/A/Resources/libRadiance.dylib
0x00000001b28ff000 	/System/Library/PrivateFrameworks/FontServices.framework/libFontParser.dylib
0x00000001af6b2000 	/System/Library/PrivateFrameworks/RunningBoardServices.framework/Versions/A/RunningBoardServices
0x00000001c0f22000 	/System/Library/PrivateFrameworks/IOSurfaceAccelerator.framework/Versions/A/IOSurfaceAccelerator
0x00000001b606a000 	/System/Library/PrivateFrameworks/WatchdogClient.framework/Versions/A/WatchdogClient
0x00000001aae28000 	/System/Library/Frameworks/CoreDisplay.framework/Versions/A/CoreDisplay
0x00000001b27d9000 	/System/Library/Frameworks/CoreMedia.framework/Versions/A/CoreMedia
0x00000001b25c6000 	/System/Library/PrivateFrameworks/IOAccelerator.framework/Versions/A/IOAccelerator
0x00000001b120f000 	/System/Library/Frameworks/CoreVideo.framework/Versions/A/CoreVideo
0x00000001b4c32000 	/System/Library/Frameworks/MetalPerformanceShaders.framework/Versions/A/MetalPerformanceShaders
0x00000001b60a9000 	/System/Library/Frameworks/VideoToolbox.framework/Versions/A/VideoToolbox
0x00000001af5f5000 	/System/Library/PrivateFrameworks/BaseBoard.framework/Versions/A/BaseBoard
0x00000001b659e000 	/System/Library/PrivateFrameworks/GPUWrangler.framework/Versions/A/GPUWrangler
0x00000001b657e000 	/System/Library/PrivateFrameworks/IOPresentment.framework/Versions/A/IOPresentment
0x00000001b65a6000 	/System/Library/PrivateFrameworks/DSExternalDisplay.framework/Versions/A/DSExternalDisplay
0x0000000219c04000 	/System/Library/PrivateFrameworks/GPUCompiler.framework/Versions/31001/Libraries/libllvm-flatbuffers.dylib
0x00000001f8822000 	/System/Library/Frameworks/OpenGL.framework/Versions/A/Libraries/libCoreFSCache.dylib
0x0000000219c00000 	/System/Library/PrivateFrameworks/GPUCompiler.framework/Versions/31001/Libraries/libGPUCompilerUtils.dylib
0x00000001b660e000 	/System/Library/PrivateFrameworks/CMCaptureCore.framework/Versions/A/CMCaptureCore
0x000000020e55f000 	/System/Library/Frameworks/ExtensionFoundation.framework/Versions/A/ExtensionFoundation
0x00000001bcd43000 	/System/Library/PrivateFrameworks/CoreTime.framework/Versions/A/CoreTime
0x00000001b5c25000 	/System/Library/PrivateFrameworks/AppServerSupport.framework/Versions/A/AppServerSupport
0x00000001b7fa9000 	/System/Library/PrivateFrameworks/perfdata.framework/Versions/A/perfdata
0x00000001aaf48000 	/System/Library/PrivateFrameworks/AudioToolboxCore.framework/Versions/A/AudioToolboxCore
0x00000001b27af000 	/System/Library/PrivateFrameworks/caulk.framework/Versions/A/caulk
0x00000001b7866000 	/usr/lib/libAudioStatistics.dylib
0x00000001c9da9000 	/System/Library/PrivateFrameworks/SystemPolicy.framework/Versions/A/SystemPolicy
0x00000001b7b08000 	/usr/lib/libSMC.dylib
0x00000001c06c5000 	/System/Library/Frameworks/CoreMIDI.framework/Versions/A/CoreMIDI
0x00000001b64c1000 	/usr/lib/libAudioToolboxUtility.dylib
0x00000001c5b1c000 	/System/Library/PrivateFrameworks/OSAServicesClient.framework/Versions/A/OSAServicesClient
0x00000001b7fb6000 	/usr/lib/libperfcheck.dylib
0x00000001b5553000 	/System/Library/PrivateFrameworks/PlugInKit.framework/Versions/A/PlugInKit
0x00000001b3f1e000 	/System/Library/PrivateFrameworks/AssertionServices.framework/Versions/A/AssertionServices
0x00000001f8884000 	/System/Library/Frameworks/OpenGL.framework/Versions/A/Libraries/libGLU.dylib
0x00000001f8843000 	/System/Library/Frameworks/OpenGL.framework/Versions/A/Libraries/libGFXShared.dylib
0x00000001f8a2a000 	/System/Library/Frameworks/OpenGL.framework/Versions/A/Libraries/libGL.dylib
0x00000001f884c000 	/System/Library/Frameworks/OpenGL.framework/Versions/A/Libraries/libGLImage.dylib
0x00000001f8840000 	/System/Library/Frameworks/OpenGL.framework/Versions/A/Libraries/libCVMSPluginSupport.dylib
0x00000002327c5000 	/usr/lib/libRosetta.dylib
0x00000001f8829000 	/System/Library/Frameworks/OpenGL.framework/Versions/A/Libraries/libCoreVMClient.dylib
0x00000001b3494000 	/System/Library/Frameworks/MetalPerformanceShaders.framework/Versions/A/Frameworks/MPSCore.framework/Versions/A/MPSCore
0x00000001b4588000 	/System/Library/Frameworks/MetalPerformanceShaders.framework/Versions/A/Frameworks/MPSImage.framework/Versions/A/MPSImage
0x00000001b40a0000 	/System/Library/Frameworks/MetalPerformanceShaders.framework/Versions/A/Frameworks/MPSNeuralNetwork.framework/Versions/A/MPSNeuralNetwork
0x00000001b448c000 	/System/Library/Frameworks/MetalPerformanceShaders.framework/Versions/A/Frameworks/MPSMatrix.framework/Versions/A/MPSMatrix
0x00000001b429e000 	/System/Library/Frameworks/MetalPerformanceShaders.framework/Versions/A/Frameworks/MPSRayIntersector.framework/Versions/A/MPSRayIntersector
0x00000001b44bb000 	/System/Library/Frameworks/MetalPerformanceShaders.framework/Versions/A/Frameworks/MPSNDArray.framework/Versions/A/MPSNDArray
0x000000020f92d000 	/System/Library/Frameworks/MetalPerformanceShaders.framework/Versions/A/Frameworks/MPSFunctions.framework/Versions/A/MPSFunctions
0x00000001a9a9a000 	/System/Library/PrivateFrameworks/MetalTools.framework/Versions/A/MetalTools
0x00000001b351a000 	/System/Library/PrivateFrameworks/AggregateDictionary.framework/Versions/A/AggregateDictionary
0x00000001b540c000 	/usr/lib/libIOReport.dylib
0x00000001bf8b2000 	/System/Library/PrivateFrameworks/ASEProcessing.framework/Versions/A/ASEProcessing
0x00000001b57c3000 	/System/Library/PrivateFrameworks/GraphVisualizer.framework/Versions/A/GraphVisualizer
0x0000000219b21000 	/System/Library/PrivateFrameworks/FontServices.framework/Versions/A/FontServices
0x00000001b5be3000 	/System/Library/PrivateFrameworks/OTSVG.framework/Versions/A/OTSVG
0x00000001b0dc2000 	/System/Library/Frameworks/ApplicationServices.framework/Versions/A/Frameworks/ATS.framework/Versions/A/Resources/libFontRegistry.dylib
0x00000001b5c2f000 	/System/Library/PrivateFrameworks/FontServices.framework/libhvf.dylib
0x0000000219b22000 	/System/Library/PrivateFrameworks/FontServices.framework/libXTFontStaticRegistryData.dylib
0x000000022b9be000 	/System/Library/PrivateFrameworks/VideoToolboxParavirtualizationSupport.framework/Versions/A/VideoToolboxParavirtualizationSupport
0x00000001b561c000 	/System/Library/PrivateFrameworks/AppleVA.framework/Versions/A/AppleVA
0x00000001b78a6000 	/System/Library/Frameworks/ApplicationServices.framework/Versions/A/Frameworks/ATS.framework/Versions/A/ATS
0x00000001aeb44000 	/System/Library/Frameworks/ApplicationServices.framework/Versions/A/Frameworks/HIServices.framework/Versions/A/HIServices
0x00000001b661a000 	/System/Library/Frameworks/ApplicationServices.framework/Versions/A/Frameworks/PrintCore.framework/Versions/A/PrintCore
0x00000001b7c61000 	/System/Library/Frameworks/ApplicationServices.framework/Versions/A/Frameworks/QD.framework/Versions/A/QD
0x00000001b7c55000 	/System/Library/Frameworks/ApplicationServices.framework/Versions/A/Frameworks/ColorSyncLegacy.framework/Versions/A/ColorSyncLegacy
0x00000001b787a000 	/System/Library/Frameworks/ApplicationServices.framework/Versions/A/Frameworks/SpeechSynthesis.framework/Versions/A/SpeechSynthesis
0x00000001b65d8000 	/System/Library/Frameworks/ApplicationServices.framework/Versions/A/Frameworks/ATSUI.framework/Versions/A/ATSUI
0x00000001b7be8000 	/usr/lib/libcups.2.dylib
0x00000001b7fc4000 	/System/Library/Frameworks/Kerberos.framework/Versions/A/Kerberos
0x00000001b7fd5000 	/System/Library/Frameworks/GSS.framework/Versions/A/GSS
0x00000001b7918000 	/usr/lib/libresolv.9.dylib
0x00000001b5c3f000 	/System/Library/PrivateFrameworks/Heimdal.framework/Versions/A/Heimdal
0x00000001be970000 	/System/Library/Frameworks/Kerberos.framework/Versions/A/Libraries/libHeimdalProxy.dylib
0x00000001b8025000 	/System/Library/PrivateFrameworks/CommonAuth.framework/Versions/A/CommonAuth
0x000000020d799000 	/System/Library/Frameworks/AVFAudio.framework/Versions/A/AVFAudio
0x00000001c5b6b000 	/System/Library/PrivateFrameworks/AXCoreUtilities.framework/Versions/A/AXCoreUtilities
0x00000001b77f2000 	/System/Library/PrivateFrameworks/AudioSession.framework/Versions/A/AudioSession
0x00000001b8d8d000 	/System/Library/Frameworks/IOBluetooth.framework/Versions/A/IOBluetooth
0x00000001b571d000 	/System/Library/PrivateFrameworks/MediaExperience.framework/Versions/A/MediaExperience
0x00000001b768d000 	/System/Library/PrivateFrameworks/AudioSession.framework/libSessionUtility.dylib
0x00000001b7c6d000 	/System/Library/PrivateFrameworks/AudioResourceArbitration.framework/Versions/A/AudioResourceArbitration
0x00000001bbc72000 	/System/Library/PrivateFrameworks/PowerLog.framework/Versions/A/PowerLog
0x00000001bbbb4000 	/System/Library/Frameworks/CoreBluetooth.framework/Versions/A/CoreBluetooth
0x00000001be971000 	/System/Library/Frameworks/AudioUnit.framework/Versions/A/AudioUnit
0x00000001b3d81000 	/System/Library/PrivateFrameworks/CoreUtils.framework/Versions/A/CoreUtils
0x0000000218522000 	/System/Library/PrivateFrameworks/CoreUtilsExtras.framework/Versions/A/CoreUtilsExtras
0x000000021d2f5000 	/System/Library/PrivateFrameworks/IO80211.framework/Versions/A/IO80211
0x00000001b568d000 	/System/Library/PrivateFrameworks/IconFoundation.framework/Versions/A/IconFoundation
0x00000001bac88000 	/System/Library/PrivateFrameworks/SpeechRecognitionCore.framework/Versions/A/SpeechRecognitionCore
0x0000000105a44000 	/Library/Java/JavaVirtualMachines/zulu-8.jdk/Contents/Home/jre/lib/server/libjvm.dylib
0x0000000104d04000 	/Library/Java/JavaVirtualMachines/zulu-8.jdk/Contents/Home/jre/lib/libverify.dylib
0x0000000104dc8000 	/Library/Java/JavaVirtualMachines/zulu-8.jdk/Contents/Home/jre/lib/libjava.dylib
0x0000000104e14000 	/Library/Java/JavaVirtualMachines/zulu-8.jdk/Contents/Home/jre/lib/libinstrument.dylib
0x0000000104e64000 	/Library/Java/JavaVirtualMachines/zulu-8.jdk/Contents/Home/jre/lib/libzip.dylib
0x00000001059b0000 	/Library/Java/JavaVirtualMachines/zulu-8.jdk/Contents/Home/jre/lib/libnio.dylib
0x0000000105a00000 	/Library/Java/JavaVirtualMachines/zulu-8.jdk/Contents/Home/jre/lib/libnet.dylib
0x00000001059d4000 	/Library/Java/JavaVirtualMachines/zulu-8.jdk/Contents/Home/jre/lib/libprism_es2.dylib
0x00000001f8a34000 	/System/Library/Frameworks/OpenGL.framework/Versions/A/Resources/GLEngine.bundle/GLEngine
0x00000001f88be000 	/System/Library/Frameworks/OpenGL.framework/Versions/A/Libraries/libGLProgrammability.dylib
0x0000000117000000 	/System/Library/Extensions/AppleMetalOpenGLRenderer.bundle/Contents/MacOS/AppleMetalOpenGLRenderer
0x00000001f8ba2000 	/System/Library/Frameworks/OpenGL.framework/Versions/A/Resources/GLRendererFloat.bundle/GLRendererFloat
0x000000020c2b8000 	/System/Library/Extensions/AGXMetal13_3.bundle/Contents/MacOS/AGXMetal13_3
0x00000001ca997000 	/System/Library/PrivateFrameworks/GPURawCounter.framework/Versions/A/GPURawCounter
0x00000001c4c16000 	/System/Library/PrivateFrameworks/IOGPU.framework/Versions/A/IOGPU
0x00000001170fc000 	/Library/Java/JavaVirtualMachines/zulu-8.jdk/Contents/Home/jre/lib/libglass.dylib
0x00000001bbec2000 	/System/Library/Frameworks/FileProvider.framework/Versions/A/FileProvider
0x00000001af55d000 	/System/Library/Frameworks/Accounts.framework/Versions/A/Accounts
0x00000001b12ad000 	/System/Library/PrivateFrameworks/UserManagement.framework/Versions/A/UserManagement
0x00000001bc04c000 	/System/Library/PrivateFrameworks/GenerationalStorage.framework/Versions/A/GenerationalStorage
0x00000001bcc69000 	/System/Library/PrivateFrameworks/CoreSymbolication.framework/Versions/A/CoreSymbolication
0x00000001bbc66000 	/System/Library/PrivateFrameworks/SymptomDiagnosticReporter.framework/Versions/A/SymptomDiagnosticReporter
0x00000001ad6dc000 	/System/Library/PrivateFrameworks/DesktopServicesPriv.framework/Versions/A/DesktopServicesPriv
0x00000001ac5c3000 	/usr/lib/libsandbox.1.dylib
0x00000001bcc2a000 	/System/Library/PrivateFrameworks/DebugSymbols.framework/Versions/A/DebugSymbols
0x00000001b7c48000 	/System/Library/PrivateFrameworks/NetAuth.framework/Versions/A/NetAuth
0x00000001b8c01000 	/System/Library/PrivateFrameworks/Sharing.framework/Versions/A/Sharing
0x00000001b1271000 	/System/Library/PrivateFrameworks/login.framework/Versions/A/Frameworks/loginsupport.framework/Versions/A/loginsupport
0x00000001bde6d000 	/System/Library/PrivateFrameworks/Apple80211.framework/Versions/A/Apple80211
0x00000001b4669000 	/System/Library/PrivateFrameworks/AuthKit.framework/Versions/A/AuthKit
0x00000001b3d03000 	/System/Library/Frameworks/CoreWLAN.framework/Versions/A/CoreWLAN
0x00000001bde71000 	/System/Library/PrivateFrameworks/CoreWiFi.framework/Versions/A/CoreWiFi
0x00000001ec8e8000 	/System/Library/PrivateFrameworks/WiFiPeerToPeer.framework/Versions/A/WiFiPeerToPeer
0x00000001bc7e2000 	/System/Library/PrivateFrameworks/FrontBoardServices.framework/Versions/A/FrontBoardServices
0x00000001bc87e000 	/System/Library/PrivateFrameworks/BoardServices.framework/Versions/A/BoardServices
0x00000001bdffc000 	/System/Library/PrivateFrameworks/BackBoardServices.framework/Versions/A/BackBoardServices
0x00000001b47cd000 	/System/Library/Frameworks/UserNotifications.framework/Versions/A/UserNotifications
0x00000001b811f000 	/System/Library/PrivateFrameworks/CorePhoneNumbers.framework/Versions/A/CorePhoneNumbers
0x00000001b7945000 	/System/Library/PrivateFrameworks/MultiverseSupport.framework/Versions/A/MultiverseSupport
0x00000001be285000 	/System/Library/PrivateFrameworks/RemoteServiceDiscovery.framework/Versions/A/RemoteServiceDiscovery
0x00000001bbd92000 	/System/Library/PrivateFrameworks/DiskManagement.framework/Versions/A/DiskManagement
0x00000001bbc99000 	/System/Library/PrivateFrameworks/AppleIDAuthSupport.framework/Versions/A/AppleIDAuthSupport
0x0000000212792000 	/System/Library/PrivateFrameworks/AAAFoundation.framework/Versions/A/AAAFoundation
0x00000001b80f7000 	/System/Library/PrivateFrameworks/KeychainCircle.framework/Versions/A/KeychainCircle
0x00000001be299000 	/System/Library/PrivateFrameworks/RemoteXPC.framework/Versions/A/RemoteXPC
0x00000001bbd5e000 	/System/Library/PrivateFrameworks/MediaKit.framework/Versions/A/MediaKit
0x00000001bbca6000 	/System/Library/Frameworks/DiscRecording.framework/Versions/A/DiscRecording
0x00000001b5598000 	/usr/lib/libCoreStorage.dylib
0x00000001be301000 	/usr/lib/libcsfde.dylib
0x00000001b8e62000 	/System/Library/PrivateFrameworks/ProtectedCloudStorage.framework/Versions/A/ProtectedCloudStorage
0x00000001be2f9000 	/System/Library/PrivateFrameworks/EFILogin.framework/Versions/A/EFILogin
0x00000001bc072000 	/System/Library/PrivateFrameworks/OctagonTrust.framework/Versions/A/OctagonTrust
0x00000001b5590000 	/usr/lib/libMatch.1.dylib
0x00000001cf2b1000 	/System/Library/Frameworks/Accelerate.framework/Versions/A/Frameworks/vImage.framework/Versions/A/Libraries/libCGInterfaces.dylib
0x00000001190e8000 	/usr/lib/libobjc-trampolines.dylib
0x0000000232519000 	/usr/lib/libAccessibilityBaseImplementations.dylib
0x00000001b0f5a000 	/System/Library/PrivateFrameworks/ViewBridge.framework/Versions/A/ViewBridge
0x000000011b3d0000 	/Library/Java/JavaVirtualMachines/zulu-8.jdk/Contents/Home/jre/lib/libjavafx_font.dylib
0x00000001b5d02000 	/System/Library/PrivateFrameworks/login.framework/Versions/A/login
0x000000011d498000 	/Library/Java/JavaVirtualMachines/zulu-8.jdk/Contents/Home/jre/lib/libprism_common.dylib
0x00000001bb3a8000 	/System/Library/PrivateFrameworks/SystemAdministration.framework/Versions/A/SystemAdministration
0x00000001b6829000 	/System/Library/Frameworks/MediaToolbox.framework/Versions/A/MediaToolbox
0x00000001bac50000 	/System/Library/Frameworks/DirectoryService.framework/Versions/A/DirectoryService
0x00000001be18d000 	/System/Library/PrivateFrameworks/DiskImages.framework/Versions/A/DiskImages
0x00000001b3fe4000 	/System/Library/Frameworks/ServiceManagement.framework/Versions/A/ServiceManagement
0x00000001be37a000 	/System/Library/PrivateFrameworks/LoginUIKit.framework/Versions/A/Frameworks/LoginUICore.framework/Versions/A/LoginUICore
0x00000001b5ec5000 	/usr/lib/libodfde.dylib
0x00000001bbe8e000 	/System/Library/PrivateFrameworks/CoreAVCHD.framework/Versions/A/CoreAVCHD
0x00000001bb372000 	/System/Library/Frameworks/MediaAccessibility.framework/Versions/A/MediaAccessibility
0x00000001bbe8a000 	/System/Library/PrivateFrameworks/Mangrove.framework/Versions/A/Mangrove
0x0000000214fbf000 	/System/Library/PrivateFrameworks/CMPhoto.framework/Versions/A/CMPhoto
0x00000001bbe7e000 	/System/Library/PrivateFrameworks/CoreAUC.framework/Versions/A/CoreAUC
0x00000001be30d000 	/usr/lib/libcurl.4.dylib
0x0000000232af7000 	/usr/lib/libcrypto.46.dylib
0x0000000233131000 	/usr/lib/libssl.48.dylib
0x00000001be01f000 	/System/Library/Frameworks/LDAP.framework/Versions/A/LDAP
0x00000001be05f000 	/System/Library/PrivateFrameworks/TrustEvaluationAgent.framework/Versions/A/TrustEvaluationAgent
0x00000001b7931000 	/usr/lib/libsasl2.2.dylib

VM Arguments:
jvm_args: -javaagent:/Applications/IntelliJ IDEA CE.app/Contents/lib/idea_rt.jar=51327:/Applications/IntelliJ IDEA CE.app/Contents/bin -Dfile.encoding=UTF-8 
java_command: application.MainApp
java_class_path (initial): /Library/Java/JavaVirtualMachines/zulu-8.jdk/Contents/Home/jre/lib/cat.jar:/Library/Java/JavaVirtualMachines/zulu-8.jdk/Contents/Home/jre/lib/charsets.jar:/Library/Java/JavaVirtualMachines/zulu-8.jdk/Contents/Home/jre/lib/ext/cldrdata.jar:/Library/Java/JavaVirtualMachines/zulu-8.jdk/Contents/Home/jre/lib/ext/crs-agent.jar:/Library/Java/JavaVirtualMachines/zulu-8.jdk/Contents/Home/jre/lib/ext/dnsns.jar:/Library/Java/JavaVirtualMachines/zulu-8.jdk/Contents/Home/jre/lib/ext/jaccess.jar:/Library/Java/JavaVirtualMachines/zulu-8.jdk/Contents/Home/jre/lib/ext/jfxrt.jar:/Library/Java/JavaVirtualMachines/zulu-8.jdk/Contents/Home/jre/lib/ext/localedata.jar:/Library/Java/JavaVirtualMachines/zulu-8.jdk/Contents/Home/jre/lib/ext/nashorn.jar:/Library/Java/JavaVirtualMachines/zulu-8.jdk/Contents/Home/jre/lib/ext/sunec.jar:/Library/Java/JavaVirtualMachines/zulu-8.jdk/Contents/Home/jre/lib/ext/sunjce_provider.jar:/Library/Java/JavaVirtualMachines/zulu-8.jdk/Contents/Home/jre/lib/ext/sunpkcs11.jar:/Library/Java/JavaVirtualMachines/zulu-8.jdk/Contents/Home/jre/lib/ext/zipfs.jar:/Library/Java/JavaVirtualMachines/zulu-8.jdk/Contents/Home/jre/lib/jce.jar:/Library/Java/JavaVirtualMachines/zulu-8.jdk/Contents/Home/jre/lib/jfr.jar:/Library/Java/JavaVirtualMachines/zulu-8.jdk/Contents/Home/jre/lib/jfxswt.jar:/Library/Java/JavaVirtualMachines/zulu-8.jdk/Contents/Home/jre/lib/jsse.jar:/Library/Java/JavaVirtualMachines/zulu-8.jdk/Contents/Home/jre/lib/management-agent.jar:/Library/Java/JavaVirtualMachines/zulu-8.jdk/Contents/Home/jre/lib/resources.jar:/Library/Java/JavaVirtualMachines/zulu-8.jdk/Contents/Home/jre/lib/rt.jar:/Users/omslaww/Coursera/OOP & Beyond/Data Structure & Performance/TextEditor/out/production/TextEditor:/Users/omslaww/.m2/repository/junit/junit/4.13.1/junit-4.13.1.jar:/Users/omslaww/.m2/repository/org/hamcrest/hamcrest-core/1.3/hamcrest-core-1.3.jar:/Users/omslaww/Coursera/OOP & Beyond/Data Structure & Performance/TextEditor/lib/richtextfx-fat-
Launcher Type: SUN_STANDARD

Environment Variables:
JAVA_HOME=/Library/Java/JavaVirtualMachines/zulu-8.jdk/Contents/Home/jre
PATH=/opt/homebrew/bin/:/opt/homebrew/Caskroom/miniforge/base/condabin:/usr/local/bin:/usr/local/bin:/System/Cryptexes/App/usr/bin:/usr/bin:/bin:/usr/sbin:/sbin:/Library/TeX/texbin:/Library/Apple/usr/bin
SHELL=/bin/zsh

Signal Handlers:
SIGSEGV: [libjvm.dylib+0x567924], sa_mask[0]=11111111011111110111111111111111, sa_flags=SA_ONSTACK|SA_RESTART|SA_SIGINFO
SIGBUS: [libjvm.dylib+0x567924], sa_mask[0]=11111111011111110111111111111111, sa_flags=SA_RESTART|SA_SIGINFO
SIGFPE: [libjvm.dylib+0x4605c4], sa_mask[0]=11111111011111110111111111111111, sa_flags=SA_RESTART|SA_SIGINFO
SIGPIPE: [libjvm.dylib+0x4605c4], sa_mask[0]=11111111011111110111111111111111, sa_flags=SA_RESTART|SA_SIGINFO
SIGXFSZ: [libjvm.dylib+0x4605c4], sa_mask[0]=11111111011111110111111111111111, sa_flags=SA_RESTART|SA_SIGINFO
SIGILL: [libjvm.dylib+0x4605c4], sa_mask[0]=11111111011111110111111111111111, sa_flags=SA_RESTART|SA_SIGINFO
SIGUSR1: SIG_DFL, sa_mask[0]=00000000000000000000000000000000, sa_flags=none
SIGUSR2: [libjvm.dylib+0x460ee8], sa_mask[0]=00100000000000000000000000000000, sa_flags=SA_RESTART|SA_SIGINFO
SIGHUP: [libjvm.dylib+0x45ee70], sa_mask[0]=11111111011111110111111111111111, sa_flags=SA_RESTART|SA_SIGINFO
SIGINT: [libjvm.dylib+0x45ee70], sa_mask[0]=11111111011111110111111111111111, sa_flags=SA_RESTART|SA_SIGINFO
SIGTERM: [libjvm.dylib+0x45ee70], sa_mask[0]=11111111011111110111111111111111, sa_flags=SA_RESTART|SA_SIGINFO
SIGQUIT: [libjvm.dylib+0x45ee70], sa_mask[0]=11111111011111110111111111111111, sa_flags=SA_RESTART|SA_SIGINFO


---------------  S Y S T E M  ---------------

OS:Bsduname:Darwin 22.3.0 Darwin Kernel Version 22.3.0: Mon Jan 30 20:39:35 PST 2023; root:xnu-8792.81.3~2/RELEASE_ARM64_T8103 arm64
rlimit: STACK 8176k, CORE 0k, NPROC 1333, NOFILE 10240, AS infinity
load average:1.90 2.25 2.40

CPU:total 8 (initial active 8) 0x61:0x0:0x1b588bb3:0, simd, crc, lse

Memory: 16k page, physical 8388608k(83456k free)

/proc/meminfo:


vm_info: OpenJDK 64-Bit Server VM (25.362-b09) for bsd-aarch64 JRE (Zulu 8.68.0.21-CA-macos-aarch64) (1.8.0_362-b09), built on Jan 19 2023 08:45:28 by "zulu_re" with gcc Apple LLVM 12.0.0 (clang-1200.0.32.28)

time: Wed Apr 19 12:40:04 2023
timezone: AEST
elapsed time: 3.393701 seconds (0d 0h 0m 3s)

